[11/13/2022 14:07:52 - main -     INFO]: Load model parameters from /home/supercgor/gitfile/structural_ml/afm_go/checkpoints/CP49_O0.9790_H0.9175_0.075678.pkl
[11/13/2022 14:07:52 - main -     INFO]: Use cuda: NVIDIA GeForce GTX 1650 with Max-Q Design
[11/13/2022 14:07:52 - main -     INFO]: Start training.
[11/13/2022 14:08:26 - main -     INFO]: Load model parameters from /home/supercgor/gitfile/structural_ml/afm_go/checkpoints/CP49_O0.9790_H0.9175_0.075678.pkl
[11/13/2022 14:08:26 - main -     INFO]: Use cuda: NVIDIA GeForce GTX 1650 with Max-Q Design
[11/13/2022 14:08:26 - main -     INFO]: Start training.
[11/13/2022 14:09:37 - main -     INFO]: Load model parameters from /home/supercgor/gitfile/structural_ml/afm_go/checkpoints/CP49_O0.9790_H0.9175_0.075678.pkl
[11/13/2022 14:09:37 - main -     INFO]: Use cuda: NVIDIA GeForce GTX 1650 with Max-Q Design
[11/13/2022 14:09:37 - main -     INFO]: Start training.
[11/13/2022 14:10:03 - main -     INFO]: 
Epoch = 1
Max memory use=2041.64MB
Train info: loss = 0.391447961330414
O(0.0-3.0A): ACC = 0.46817526 SUC = 0.00000000 TP =     1106 FP =      562 FN =      873
H(0.0-3.0A): ACC = 0.14581296 SUC = 0.00000000 TP =      830 FP =     1477 FN =     3128
Valid info: loss = 0.270469486713409
O(0.0-3.0A): ACC = 0.47796074 SUC = 0.00000000 TP =      357 FP =       24 FN =      383
H(0.0-3.0A): ACC = 0.04915407 SUC = 0.00000000 TP =       71 FP =       12 FN =     1409
[11/13/2022 14:10:03 - main -     INFO]: Saved a new model: CP01_O0.4780_H0.0492_0.270469.pkl
[11/13/2022 14:10:03 - main -     INFO]: Spend time: 26.28s
[11/13/2022 14:10:03 - main -     INFO]: End training epoch: 1
[11/13/2022 14:10:23 - main -     INFO]: Load model parameters from /home/supercgor/gitfile/structural_ml/afm_go/checkpoints/CP49_O0.9790_H0.9175_0.075678.pkl
[11/13/2022 14:10:23 - main -     INFO]: Use cuda: NVIDIA GeForce GTX 1650 with Max-Q Design
[11/13/2022 14:10:23 - main -     INFO]: Start training.
[11/13/2022 14:10:36 - main -     INFO]: Load model parameters from /home/supercgor/gitfile/structural_ml/afm_go/checkpoints/CP49_O0.9790_H0.9175_0.075678.pkl
[11/13/2022 14:10:36 - main -     INFO]: Use cuda: NVIDIA GeForce GTX 1650 with Max-Q Design
[11/13/2022 14:10:36 - main -     INFO]: Start training.
[11/13/2022 14:10:59 - main -     INFO]: Load model parameters from /home/supercgor/gitfile/structural_ml/afm_go/checkpoints/CP49_O0.9790_H0.9175_0.075678.pkl
[11/13/2022 14:10:59 - main -     INFO]: Use cuda: NVIDIA GeForce GTX 1650 with Max-Q Design
[11/13/2022 14:10:59 - main -     INFO]: Start training.
[11/13/2022 14:11:27 - main -     INFO]: 
Epoch = 1
Max memory use=3323.96MB
Train info: loss = 0.477478414773941
O(0.0-3.0A): ACC = 0.49850878 SUC = 0.00000000 TP =     1225 FP =      882 FN =      706
H(0.0-3.0A): ACC = 0.23450470 SUC = 0.00000000 TP =     1224 FP =     2096 FN =     2638
Valid info: loss = 0.272806614637375
O(0.0-3.0A): ACC = 0.53812301 SUC = 0.00000000 TP =      413 FP =       43 FN =      327
H(0.0-3.0A): ACC = 0.10883600 SUC = 0.00000000 TP =      164 FP =       59 FN =     1316
[11/13/2022 14:11:27 - main -     INFO]: Saved a new model: CP01_O0.5381_H0.1088_0.272807.pkl
[11/13/2022 14:11:27 - main -     INFO]: Spend time: 27.72s
[11/13/2022 14:11:27 - main -     INFO]: End training epoch: 1
