[11/17/2022 19:09:05 - main -     INFO]: Load model parameters from /home/supercgor/gitfile/structural_ml/afm_go/checkpoints/CP49_O0.9790_H0.9175_0.075678.pkl
[11/17/2022 19:09:05 - main -     INFO]: Use cuda: NVIDIA GeForce GTX 1650 with Max-Q Design
[11/17/2022 19:09:05 - main -     INFO]: Start prediction.
[11/17/2022 19:11:13 - main -     INFO]: Load model parameters from /home/supercgor/gitfile/structural_ml/afm_go/checkpoints/CP49_O0.9790_H0.9175_0.075678.pkl
[11/17/2022 19:11:13 - main -     INFO]: Use cuda: NVIDIA GeForce GTX 1650 with Max-Q Design
[11/17/2022 19:11:13 - main -     INFO]: Start prediction.
[11/17/2022 19:13:49 - main -     INFO]: Load model parameters from /home/supercgor/gitfile/structural_ml/afm_go/checkpoints/CP49_O0.9790_H0.9175_0.075678.pkl
[11/17/2022 19:13:49 - main -     INFO]: Use cuda: NVIDIA GeForce GTX 1650 with Max-Q Design
[11/17/2022 19:13:49 - main -     INFO]: Start prediction.
[11/17/2022 19:14:57 - main -     INFO]: Load model parameters from /home/supercgor/gitfile/structural_ml/afm_go/checkpoints/CP49_O0.9790_H0.9175_0.075678.pkl
[11/17/2022 19:14:57 - main -     INFO]: Use cuda: NVIDIA GeForce GTX 1650 with Max-Q Design
[11/17/2022 19:14:57 - main -     INFO]: Start prediction.
[11/17/2022 19:15:27 - main -     INFO]: Load model parameters from /home/supercgor/gitfile/structural_ml/afm_go/checkpoints/CP49_O0.9790_H0.9175_0.075678.pkl
[11/17/2022 19:15:27 - main -     INFO]: Use cuda: NVIDIA GeForce GTX 1650 with Max-Q Design
[11/17/2022 19:15:27 - main -     INFO]: Start prediction.
[11/17/2022 19:23:56 - main -     INFO]: Load model parameters from /home/supercgor/gitfile/structural_ml/afm_go/checkpoints/CP49_O0.9790_H0.9175_0.075678.pkl
[11/17/2022 19:23:56 - main -     INFO]: Use cuda: NVIDIA GeForce GTX 1650 with Max-Q Design
[11/17/2022 19:23:56 - main -     INFO]: Start prediction.
[11/17/2022 19:24:48 - main -     INFO]: Load model parameters from /home/supercgor/gitfile/structural_ml/afm_go/checkpoints/CP49_O0.9790_H0.9175_0.075678.pkl
[11/17/2022 19:24:48 - main -     INFO]: Use cuda: NVIDIA GeForce GTX 1650 with Max-Q Design
[11/17/2022 19:24:48 - main -     INFO]: Start prediction.
[11/17/2022 19:25:53 - main -     INFO]: Load model parameters from /home/supercgor/gitfile/structural_ml/afm_go/checkpoints/CP49_O0.9790_H0.9175_0.075678.pkl
[11/17/2022 19:25:53 - main -     INFO]: Use cuda: NVIDIA GeForce GTX 1650 with Max-Q Design
[11/17/2022 19:25:53 - main -     INFO]: Start prediction.
[11/17/2022 19:29:53 - main -     INFO]: Load model parameters from /home/supercgor/gitfile/structural_ml/afm_go/checkpoints/CP49_O0.9790_H0.9175_0.075678.pkl
[11/17/2022 19:29:53 - main -     INFO]: Use cuda: NVIDIA GeForce GTX 1650 with Max-Q Design
[11/17/2022 19:29:53 - main -     INFO]: Start prediction.
[11/17/2022 19:32:42 - main -     INFO]: Load model parameters from /home/supercgor/gitfile/structural_ml/afm_go/checkpoints/CP49_O0.9790_H0.9175_0.075678.pkl
[11/17/2022 19:32:42 - main -     INFO]: Use cuda: NVIDIA GeForce GTX 1650 with Max-Q Design
[11/17/2022 19:32:42 - main -     INFO]: Start prediction.
[11/17/2022 19:37:38 - main -     INFO]: Load model parameters from /home/supercgor/gitfile/structural_ml/afm_go/checkpoints/CP49_O0.9790_H0.9175_0.075678.pkl
[11/17/2022 19:37:38 - main -     INFO]: Use cuda: NVIDIA GeForce GTX 1650 with Max-Q Design
[11/17/2022 19:37:38 - main -     INFO]: Start prediction.
[11/17/2022 19:38:56 - main -     INFO]: Load model parameters from /home/supercgor/gitfile/structural_ml/afm_go/checkpoints/CP49_O0.9790_H0.9175_0.075678.pkl
[11/17/2022 19:38:56 - main -     INFO]: Use cuda: NVIDIA GeForce GTX 1650 with Max-Q Design
[11/17/2022 19:38:56 - main -     INFO]: Start prediction.
[11/17/2022 19:50:13 - main -     INFO]: Load model parameters from /home/supercgor/gitfile/structural_ml/afm_go/checkpoints/CP49_O0.9790_H0.9175_0.075678.pkl
[11/17/2022 19:50:13 - main -     INFO]: Use cuda: NVIDIA GeForce GTX 1650 with Max-Q Design
[11/17/2022 19:50:13 - main -     INFO]: Start prediction.
[11/17/2022 19:51:41 - main -     INFO]: Load model parameters from /home/supercgor/gitfile/structural_ml/afm_go/checkpoints/CP49_O0.9790_H0.9175_0.075678.pkl
[11/17/2022 19:51:41 - main -     INFO]: Use cuda: NVIDIA GeForce GTX 1650 with Max-Q Design
[11/17/2022 19:51:41 - main -     INFO]: Start prediction.
[11/17/2022 19:52:11 - main -     INFO]: Spend time: 30.13s
[11/17/2022 19:52:11 - main -     INFO]: End prediction
