[11/19/2022 15:01:41 - main -     INFO]: Load model parameters from /home/supercgor/gitfile/structural_ml/afm_go/checkpoints/CP37_O0.9821_H0.9346_0.077966.pkl
[11/19/2022 15:01:41 - main -     INFO]: Use cuda: NVIDIA GeForce GTX 1650 with Max-Q Design
[11/19/2022 15:01:41 - main -     INFO]: Start training.
[11/19/2022 15:03:05 - main -     INFO]: 
Epoch = 1
Max memory use=1700.70MB
Train info: loss = 0.502331733703613
O(0.0-6.0A): ACC = 0.01021509 SUC = 0.00000000 TP =      131 FP =      111 FN =    11786
O(6.0-9.0A): ACC = 0.01645249 SUC = 0.00000000 TP =       65 FP =      249 FN =     3995
H(0.0-6.0A): ACC = 0.00235762 SUC = 0.00000000 TP =       60 FP =      268 FN =    22721
H(6.0-9.0A): ACC = 0.00331376 SUC = 0.00000000 TP =       38 FP =      357 FN =     9135
Valid info: loss = 0.405389845371246
O(0.0-6.0A): ACC = 0.00024802 SUC = 0.00000000 TP =        1 FP =        0 FN =     3716
O(6.0-9.0A): ACC = 0.11943539 SUC = 0.00000000 TP =      147 FP =        0 FN =     1098
H(0.0-6.0A): ACC = 0.00000000 SUC = 0.00000000 TP =        0 FP =        0 FN =     7175
H(6.0-9.0A): ACC = 0.00186421 SUC = 0.00000000 TP =        5 FP =        0 FN =     2744
[11/19/2022 15:03:05 - main -     INFO]: Saved a new model: CP01_O0.1197_H0.0019_0.405390.pkl
[11/19/2022 15:03:05 - main -     INFO]: Spend time: 84.24s
[11/19/2022 15:03:05 - main -     INFO]: End training epoch: 1
[11/19/2022 15:04:29 - main -     INFO]: 
Epoch = 2
Max memory use=1700.81MB
Train info: loss = 0.373467355966568
O(0.0-6.0A): ACC = 0.03202842 SUC = 0.00000000 TP =      386 FP =       32 FN =    11531
O(6.0-9.0A): ACC = 0.32167915 SUC = 0.00000000 TP =     1305 FP =        4 FN =     2755
H(0.0-6.0A): ACC = 0.00020924 SUC = 0.00000000 TP =        5 FP =       10 FN =    22776
H(6.0-9.0A): ACC = 0.02127562 SUC = 0.00000000 TP =      174 FP =       11 FN =     8999
Valid info: loss = 0.354581147432327
O(0.0-6.0A): ACC = 0.06835809 SUC = 0.00000000 TP =      263 FP =       38 FN =     3454
O(6.0-9.0A): ACC = 0.41219550 SUC = 0.00000000 TP =      510 FP =        1 FN =      735
H(0.0-6.0A): ACC = 0.00013412 SUC = 0.00000000 TP =        1 FP =        1 FN =     7174
H(6.0-9.0A): ACC = 0.08239266 SUC = 0.00000000 TP =      226 FP =       14 FN =     2523
[11/19/2022 15:04:29 - main -     INFO]: Saved a new model: CP02_O0.4806_H0.0825_0.354581.pkl
[11/19/2022 15:04:29 - main -     INFO]: Spend time: 84.38s
[11/19/2022 15:04:29 - main -     INFO]: End training epoch: 2
[11/19/2022 15:05:53 - main -     INFO]: 
Epoch = 3
Max memory use=1700.81MB
Train info: loss = 0.331697314977646
O(0.0-6.0A): ACC = 0.19561796 SUC = 0.00000000 TP =     2352 FP =      175 FN =     9565
O(6.0-9.0A): ACC = 0.55052787 SUC = 0.00000000 TP =     2233 FP =       11 FN =     1827
H(0.0-6.0A): ACC = 0.00082738 SUC = 0.00000000 TP =       19 FP =       18 FN =    22762
H(6.0-9.0A): ACC = 0.20943192 SUC = 0.00000000 TP =     1983 FP =      288 FN =     7190
Valid info: loss = 0.328230082988739
O(0.0-6.0A): ACC = 0.25813469 SUC = 0.00000000 TP =      998 FP =       75 FN =     2719
O(6.0-9.0A): ACC = 0.58145493 SUC = 0.00000000 TP =      718 FP =        2 FN =      527
H(0.0-6.0A): ACC = 0.00309760 SUC = 0.00000000 TP =       23 FP =       14 FN =     7152
H(6.0-9.0A): ACC = 0.38898769 SUC = 0.00000000 TP =     1155 FP =      286 FN =     1594
[11/19/2022 15:05:54 - main -     INFO]: Saved a new model: CP03_O0.8396_H0.3921_0.328230.pkl
[11/19/2022 15:05:54 - main -     INFO]: Spend time: 84.08s
[11/19/2022 15:05:54 - main -     INFO]: End training epoch: 3
[11/19/2022 15:07:18 - main -     INFO]: 
Epoch = 4
Max memory use=1700.83MB
Train info: loss = 0.298562794923782
O(0.0-6.0A): ACC = 0.39167315 SUC = 0.00000000 TP =     4752 FP =      264 FN =     7165
O(6.0-9.0A): ACC = 0.66496181 SUC = 0.00000000 TP =     2705 FP =       13 FN =     1355
H(0.0-6.0A): ACC = 0.01352114 SUC = 0.00000000 TP =      300 FP =      224 FN =    22481
H(6.0-9.0A): ACC = 0.38328040 SUC = 0.00000000 TP =     3780 FP =      696 FN =     5393
Valid info: loss = 0.313963890075684
O(0.0-6.0A): ACC = 0.38755602 SUC = 0.00000000 TP =     1510 FP =      137 FN =     2207
O(6.0-9.0A): ACC = 0.72507763 SUC = 0.00000000 TP =      906 FP =        2 FN =      339
H(0.0-6.0A): ACC = 0.02032672 SUC = 0.00000000 TP =      152 FP =      113 FN =     7023
H(6.0-9.0A): ACC = 0.48027921 SUC = 0.00000000 TP =     1489 FP =      377 FN =     1260
[11/19/2022 15:07:18 - main -     INFO]: Saved a new model: CP04_O1.1126_H0.5006_0.313964.pkl
[11/19/2022 15:07:18 - main -     INFO]: Spend time: 84.21s
[11/19/2022 15:07:18 - main -     INFO]: End training epoch: 4
[11/19/2022 15:21:14 - main -     INFO]: Load model parameters from /home/supercgor/gitfile/structural_ml/afm_go/checkpoints/CP37_O0.9821_H0.9346_0.077966.pkl
[11/19/2022 15:21:14 - main -     INFO]: Use cuda: NVIDIA GeForce GTX 1650 with Max-Q Design
[11/19/2022 15:21:14 - main -     INFO]: Start training.
[11/19/2022 15:22:35 - main -     INFO]: 
Epoch = 1
Max memory use=1700.71MB
Train info: loss = 0.500123918056488
O(0.0-6.0A): ACC = 0.01299773 SUC = 0.00000000 TP =      165 FP =      108 FN =    11752
O(6.0-9.0A): ACC = 0.01668458 SUC = 0.00000000 TP =       73 FP =      282 FN =     3987
H(0.0-6.0A): ACC = 0.00240965 SUC = 0.00000000 TP =       62 FP =      301 FN =    22719
H(6.0-9.0A): ACC = 0.00315118 SUC = 0.00000000 TP =       36 FP =      350 FN =     9137
Valid info: loss = 0.404456526041031
O(0.0-6.0A): ACC = 0.00025407 SUC = 0.00000000 TP =        1 FP =        0 FN =     3716
O(6.0-9.0A): ACC = 0.10020886 SUC = 0.00000000 TP =      124 FP =        0 FN =     1121
H(0.0-6.0A): ACC = 0.00000000 SUC = 0.00000000 TP =        0 FP =        0 FN =     7175
H(6.0-9.0A): ACC = 0.00000000 SUC = 0.00000000 TP =        0 FP =        0 FN =     2749
[11/19/2022 15:22:35 - main -     INFO]: Saved a new model: CP01_O0.1005_H0.0000_0.404457.pkl
[11/19/2022 15:22:35 - main -     INFO]: Spend time: 81.36s
[11/19/2022 15:22:35 - main -     INFO]: End training epoch: 1
[11/19/2022 15:23:58 - main -     INFO]: 
Epoch = 2
Max memory use=1700.81MB
Train info: loss = 0.370432615280151
O(0.0-6.0A): ACC = 0.04514853 SUC = 0.00000000 TP =      533 FP =       77 FN =    11384
O(6.0-9.0A): ACC = 0.37621605 SUC = 0.00000000 TP =     1507 FP =        5 FN =     2553
H(0.0-6.0A): ACC = 0.00004098 SUC = 0.00000000 TP =        1 FP =        1 FN =    22780
H(6.0-9.0A): ACC = 0.01904025 SUC = 0.00000000 TP =      164 FP =       18 FN =     9009
Valid info: loss = 0.351311028003693
O(0.0-6.0A): ACC = 0.08722330 SUC = 0.00000000 TP =      339 FP =       46 FN =     3378
O(6.0-9.0A): ACC = 0.55643916 SUC = 0.00000000 TP =      685 FP =        1 FN =      560
H(0.0-6.0A): ACC = 0.00014535 SUC = 0.00000000 TP =        1 FP =        0 FN =     7174
H(6.0-9.0A): ACC = 0.15228200 SUC = 0.00000000 TP =      429 FP =       72 FN =     2320
[11/19/2022 15:23:59 - main -     INFO]: Saved a new model: CP02_O0.6437_H0.1524_0.351311.pkl
[11/19/2022 15:23:59 - main -     INFO]: Spend time: 83.06s
[11/19/2022 15:23:59 - main -     INFO]: End training epoch: 2
[11/19/2022 15:25:22 - main -     INFO]: 
Epoch = 3
Max memory use=1700.81MB
Train info: loss = 0.322541415691376
O(0.0-6.0A): ACC = 0.23297498 SUC = 0.00000000 TP =     2807 FP =      175 FN =     9110
O(6.0-9.0A): ACC = 0.58666533 SUC = 0.00000000 TP =     2384 FP =        7 FN =     1676
H(0.0-6.0A): ACC = 0.00374962 SUC = 0.00000000 TP =       85 FP =       68 FN =    22696
H(6.0-9.0A): ACC = 0.17737289 SUC = 0.00000000 TP =     1675 FP =      271 FN =     7498
Valid info: loss = 0.324818789958954
O(0.0-6.0A): ACC = 0.18224600 SUC = 0.00000000 TP =      701 FP =       57 FN =     3016
O(6.0-9.0A): ACC = 0.57794607 SUC = 0.00000000 TP =      723 FP =        6 FN =      522
H(0.0-6.0A): ACC = 0.00555285 SUC = 0.00000000 TP =       41 FP =       22 FN =     7134
H(6.0-9.0A): ACC = 0.31103387 SUC = 0.00000000 TP =      893 FP =      179 FN =     1856
[11/19/2022 15:25:22 - main -     INFO]: Saved a new model: CP03_O0.7602_H0.3166_0.324819.pkl
[11/19/2022 15:25:22 - main -     INFO]: Spend time: 83.61s
[11/19/2022 15:25:22 - main -     INFO]: End training epoch: 3
[11/19/2022 15:26:46 - main -     INFO]: 
Epoch = 4
Max memory use=1700.82MB
Train info: loss = 0.294263780117035
O(0.0-6.0A): ACC = 0.40844214 SUC = 0.00000000 TP =     4990 FP =      224 FN =     6927
O(6.0-9.0A): ACC = 0.63618279 SUC = 0.00000000 TP =     2587 FP =       18 FN =     1473
H(0.0-6.0A): ACC = 0.01968508 SUC = 0.00000000 TP =      461 FP =      297 FN =    22320
H(6.0-9.0A): ACC = 0.34347323 SUC = 0.00000000 TP =     3384 FP =      640 FN =     5789
Valid info: loss = 0.300738692283630
O(0.0-6.0A): ACC = 0.34115916 SUC = 0.00000000 TP =     1304 FP =       55 FN =     2413
O(6.0-9.0A): ACC = 0.68738985 SUC = 0.00000000 TP =      865 FP =        6 FN =      380
H(0.0-6.0A): ACC = 0.00634877 SUC = 0.00000000 TP =       47 FP =       29 FN =     7128
H(6.0-9.0A): ACC = 0.35875285 SUC = 0.00000000 TP =     1016 FP =      120 FN =     1733
[11/19/2022 15:26:46 - main -     INFO]: Saved a new model: CP04_O1.0285_H0.3651_0.300739.pkl
[11/19/2022 15:26:46 - main -     INFO]: Spend time: 83.72s
[11/19/2022 15:26:46 - main -     INFO]: End training epoch: 4
[11/19/2022 15:28:10 - main -     INFO]: 
Epoch = 5
Max memory use=1700.97MB
Train info: loss = nan
O(0.0-6.0A): ACC = 0.52375072 SUC = 0.00000000 TP =     6350 FP =      231 FN =     5567
O(6.0-9.0A): ACC = 0.71060640 SUC = 0.00000000 TP =     2890 FP =       21 FN =     1170
H(0.0-6.0A): ACC = 0.04703799 SUC = 0.00000000 TP =     1100 FP =      651 FN =    21681
H(6.0-9.0A): ACC = 0.44251549 SUC = 0.00000000 TP =     4358 FP =      675 FN =     4815
Valid info: loss = nan
O(0.0-6.0A): ACC = 0.45001549 SUC = 0.00000000 TP =     1739 FP =       80 FN =     1978
O(6.0-9.0A): ACC = 0.74626982 SUC = 0.00000000 TP =      934 FP =        3 FN =      311
H(0.0-6.0A): ACC = 0.03292392 SUC = 0.00000000 TP =      247 FP =      144 FN =     6928
H(6.0-9.0A): ACC = 0.50952744 SUC = 0.00000000 TP =     1527 FP =      287 FN =     1222
[11/19/2022 15:28:10 - main -     INFO]: Saved a new model: CP05_O1.1963_H0.5425_nan.pkl
[11/19/2022 15:28:10 - main -     INFO]: Spend time: 84.45s
[11/19/2022 15:28:10 - main -     INFO]: End training epoch: 5
[11/19/2022 15:30:40 - main -     INFO]: Load model parameters from /home/supercgor/gitfile/structural_ml/afm_go/checkpoints/CP37_O0.9821_H0.9346_0.077966.pkl
[11/19/2022 15:30:41 - main -     INFO]: Use cuda: NVIDIA GeForce GTX 1650 with Max-Q Design
[11/19/2022 15:30:41 - main -     INFO]: Start training.
[11/19/2022 15:31:57 - main -     INFO]: Load model parameters from /home/supercgor/gitfile/structural_ml/afm_go/checkpoints/22-11-19-15/CP04_O1.1126_H0.5006_0.313964.pkl
[11/19/2022 15:31:57 - main -     INFO]: Use cuda: NVIDIA GeForce GTX 1650 with Max-Q Design
[11/19/2022 15:31:57 - main -     INFO]: Start training.
[11/19/2022 15:37:31 - main -     INFO]: Load model parameters from /home/supercgor/gitfile/structural_ml/afm_go/checkpoints/22-11-19-15/CP04_O1.1126_H0.5006_0.313964.pkl
[11/19/2022 15:37:31 - main -     INFO]: Use cuda: NVIDIA GeForce GTX 1650 with Max-Q Design
[11/19/2022 15:37:31 - main -     INFO]: Start training.
[11/19/2022 15:38:19 - main -     INFO]: Load model parameters from /home/supercgor/gitfile/structural_ml/afm_go/checkpoints/22-11-19-15/CP04_O1.1126_H0.5006_0.313964.pkl
[11/19/2022 15:38:19 - main -     INFO]: Use cuda: NVIDIA GeForce GTX 1650 with Max-Q Design
[11/19/2022 15:38:19 - main -     INFO]: Start training.
[11/19/2022 15:39:51 - main -     INFO]: 
Epoch = 1
Max memory use=1700.82MB
Train info: loss = 0.326711863279343
O(0.0-6.0A): ACC = 0.42096823 SUC = 0.00000000 TP =     5078 FP =      201 FN =     6839
O(6.0-9.0A): ACC = 0.61436749 SUC = 0.00000000 TP =     2497 FP =       34 FN =     1563
H(0.0-6.0A): ACC = 0.00108269 SUC = 0.00000000 TP =       25 FP =       17 FN =    22756
H(6.0-9.0A): ACC = 0.01668218 SUC = 0.00000000 TP =      159 FP =       27 FN =     9014
Valid info: loss = 0.338842183351517
O(0.0-6.0A): ACC = 0.46020478 SUC = 0.00000000 TP =     1786 FP =      126 FN =     1931
O(6.0-9.0A): ACC = 0.59829223 SUC = 0.00000000 TP =      750 FP =        0 FN =      495
H(0.0-6.0A): ACC = 0.00027787 SUC = 0.00000000 TP =        2 FP =        0 FN =     7173
H(6.0-9.0A): ACC = 0.00238965 SUC = 0.00000000 TP =        7 FP =        0 FN =     2742
[11/19/2022 15:39:51 - main -     INFO]: Saved a new model: CP01_O0.4602_H0.0003_0.338842.pkl
[11/19/2022 15:39:51 - main -     INFO]: Spend time: 91.89s
[11/19/2022 15:39:51 - main -     INFO]: End training epoch: 1
[11/19/2022 15:41:15 - main -     INFO]: 
Epoch = 2
Max memory use=1701.01MB
Train info: loss = 0.306350618600845
O(0.0-6.0A): ACC = 0.49510774 SUC = 0.00000000 TP =     5982 FP =      199 FN =     5935
O(6.0-9.0A): ACC = 0.66487294 SUC = 0.00000000 TP =     2706 FP =       11 FN =     1354
H(0.0-6.0A): ACC = 0.00057475 SUC = 0.00000000 TP =       13 FP =        6 FN =    22768
H(6.0-9.0A): ACC = 0.00395543 SUC = 0.00000000 TP =       37 FP =        1 FN =     9136
Valid info: loss = 0.315645813941956
O(0.0-6.0A): ACC = 0.37037435 SUC = 0.00000000 TP =     1428 FP =       76 FN =     2289
O(6.0-9.0A): ACC = 0.55319440 SUC = 0.00000000 TP =      684 FP =        2 FN =      561
H(0.0-6.0A): ACC = 0.00000000 SUC = 0.00000000 TP =        0 FP =        1 FN =     7175
H(6.0-9.0A): ACC = 0.00000000 SUC = 0.00000000 TP =        0 FP =        0 FN =     2749
[11/19/2022 15:41:15 - main -     INFO]: Saved a new model: CP02_O0.3704_H0.0000_0.315646.pkl
[11/19/2022 15:41:15 - main -     INFO]: Spend time: 84.15s
[11/19/2022 15:41:15 - main -     INFO]: End training epoch: 2
