[11/19/2022 14:21:19 - main -     INFO]: Load model parameters from /home/supercgor/gitfile/structural_ml/afm_go/checkpoints/CP37_O0.9821_H0.9346_0.077966.pkl
[11/19/2022 14:21:19 - main -     INFO]: Use cuda: NVIDIA GeForce GTX 1650 with Max-Q Design
[11/19/2022 14:21:19 - main -     INFO]: Start training.
[11/19/2022 14:23:19 - main -     INFO]: Load model parameters from /home/supercgor/gitfile/structural_ml/afm_go/checkpoints/CP37_O0.9821_H0.9346_0.077966.pkl
[11/19/2022 14:23:19 - main -     INFO]: Use cuda: NVIDIA GeForce GTX 1650 with Max-Q Design
[11/19/2022 14:23:19 - main -     INFO]: Start training.
[11/19/2022 14:24:23 - main -     INFO]: Load model parameters from /home/supercgor/gitfile/structural_ml/afm_go/checkpoints/CP37_O0.9821_H0.9346_0.077966.pkl
[11/19/2022 14:24:23 - main -     INFO]: Use cuda: NVIDIA GeForce GTX 1650 with Max-Q Design
[11/19/2022 14:24:23 - main -     INFO]: Start training.
[11/19/2022 14:24:55 - main -     INFO]: Load model parameters from /home/supercgor/gitfile/structural_ml/afm_go/checkpoints/CP37_O0.9821_H0.9346_0.077966.pkl
[11/19/2022 14:24:55 - main -     INFO]: Use cuda: NVIDIA GeForce GTX 1650 with Max-Q Design
[11/19/2022 14:24:55 - main -     INFO]: Start training.
[11/19/2022 14:25:23 - main -     INFO]: Load model parameters from /home/supercgor/gitfile/structural_ml/afm_go/checkpoints/CP37_O0.9821_H0.9346_0.077966.pkl
[11/19/2022 14:25:23 - main -     INFO]: Use cuda: NVIDIA GeForce GTX 1650 with Max-Q Design
[11/19/2022 14:25:23 - main -     INFO]: Start training.
[11/19/2022 14:27:34 - main -     INFO]: Load model parameters from /home/supercgor/gitfile/structural_ml/afm_go/checkpoints/CP37_O0.9821_H0.9346_0.077966.pkl
[11/19/2022 14:27:34 - main -     INFO]: Use cuda: NVIDIA GeForce GTX 1650 with Max-Q Design
[11/19/2022 14:27:34 - main -     INFO]: Start training.
[11/19/2022 14:30:21 - main -     INFO]: Load model parameters from /home/supercgor/gitfile/structural_ml/afm_go/checkpoints/CP37_O0.9821_H0.9346_0.077966.pkl
[11/19/2022 14:30:21 - main -     INFO]: Use cuda: NVIDIA GeForce GTX 1650 with Max-Q Design
[11/19/2022 14:30:21 - main -     INFO]: Start training.
[11/19/2022 14:31:44 - main -     INFO]: 
Epoch = 1
Max memory use=1700.70MB
Train info: loss = 0.501072108745575
O(0.0-6.0A): ACC = 0.02714003 SUC = 0.00000000 TP =      319 FP =      -84 FN =    11598
O(6.0-9.0A): ACC = 0.02060493 SUC = 0.00000000 TP =      107 FP =      233 FN =     3952
H(0.0-6.0A): ACC = 0.00626506 SUC = 0.00000000 TP =      159 FP =      169 FN =    22622
H(6.0-9.0A): ACC = 0.01123655 SUC = 0.00000000 TP =      127 FP =      270 FN =     9046
Valid info: loss = 0.412558436393738
O(0.0-6.0A): ACC = 0.00052789 SUC = 0.00000000 TP =        2 FP =       -1 FN =     3715
O(6.0-9.0A): ACC = 0.02290728 SUC = 0.00000000 TP =       29 FP =        1 FN =     1216
H(0.0-6.0A): ACC = 0.00000000 SUC = 0.00000000 TP =        0 FP =        0 FN =     7175
H(6.0-9.0A): ACC = 0.00000000 SUC = 0.00000000 TP =        0 FP =        0 FN =     2749
[11/19/2022 14:31:44 - main -     INFO]: Saved a new model: CP01_O0.0234_H0.0000_0.412558.pkl
[11/19/2022 14:31:44 - main -     INFO]: Spend time: 83.41s
[11/19/2022 14:31:44 - main -     INFO]: End training epoch: 1
[11/19/2022 14:33:08 - main -     INFO]: 
Epoch = 2
Max memory use=1700.81MB
Train info: loss = 0.377442806959152
O(0.0-6.0A): ACC = 0.03782694 SUC = 0.00000000 TP =      442 FP =       10 FN =    11475
O(6.0-9.0A): ACC = 0.26228294 SUC = 0.00000000 TP =     1041 FP =        0 FN =     3018
H(0.0-6.0A): ACC = 0.00000000 SUC = 0.00000000 TP =        0 FP =        0 FN =    22781
H(6.0-9.0A): ACC = 0.01102342 SUC = 0.00000000 TP =       94 FP =       -9 FN =     9079
Valid info: loss = 0.358321726322174
O(0.0-6.0A): ACC = 0.08461315 SUC = 0.00000000 TP =      321 FP =        8 FN =     3396
O(6.0-9.0A): ACC = 0.48444176 SUC = 0.00000000 TP =      605 FP =        0 FN =      640
H(0.0-6.0A): ACC = 0.00013470 SUC = 0.00000000 TP =        1 FP =       -1 FN =     7174
H(6.0-9.0A): ACC = 0.05754061 SUC = 0.00000000 TP =      155 FP =       -9 FN =     2594
[11/19/2022 14:33:09 - main -     INFO]: Saved a new model: CP02_O0.5691_H0.0577_0.358322.pkl
[11/19/2022 14:33:09 - main -     INFO]: Spend time: 84.53s
[11/19/2022 14:33:09 - main -     INFO]: End training epoch: 2
[11/19/2022 14:38:28 - main -     INFO]: Load model parameters from /home/supercgor/gitfile/structural_ml/afm_go/checkpoints/CP37_O0.9821_H0.9346_0.077966.pkl
[11/19/2022 14:38:28 - main -     INFO]: Use cuda: NVIDIA GeForce GTX 1650 with Max-Q Design
[11/19/2022 14:38:28 - main -     INFO]: Start training.
[11/19/2022 14:43:28 - main -     INFO]: Load model parameters from /home/supercgor/gitfile/structural_ml/afm_go/checkpoints/CP37_O0.9821_H0.9346_0.077966.pkl
[11/19/2022 14:43:28 - main -     INFO]: Use cuda: NVIDIA GeForce GTX 1650 with Max-Q Design
[11/19/2022 14:43:28 - main -     INFO]: Start training.
[11/19/2022 14:57:17 - main -     INFO]: Load model parameters from /home/supercgor/gitfile/structural_ml/afm_go/checkpoints/CP37_O0.9821_H0.9346_0.077966.pkl
[11/19/2022 14:57:17 - main -     INFO]: Use cuda: NVIDIA GeForce GTX 1650 with Max-Q Design
[11/19/2022 14:57:17 - main -     INFO]: Start training.
[11/19/2022 14:58:41 - main -     INFO]: 
Epoch = 1
Max memory use=1700.70MB
Train info: loss = 0.504523277282715
O(0.0-6.0A): ACC = 0.01219409 SUC = 0.00000000 TP =      156 FP =      121 FN =    11761
O(6.0-9.0A): ACC = 0.01061458 SUC = 0.00000000 TP =       49 FP =      260 FN =     4011
H(0.0-6.0A): ACC = 0.00199256 SUC = 0.00000000 TP =       51 FP =      268 FN =    22730
H(6.0-9.0A): ACC = 0.00322788 SUC = 0.00000000 TP =       40 FP =      365 FN =     9133
Valid info: loss = 0.410436868667603
O(0.0-6.0A): ACC = 0.00000000 SUC = 0.00000000 TP =        0 FP =        0 FN =     3717
O(6.0-9.0A): ACC = 0.04683186 SUC = 0.00000000 TP =       57 FP =        1 FN =     1188
H(0.0-6.0A): ACC = 0.00000000 SUC = 0.00000000 TP =        0 FP =        0 FN =     7175
H(6.0-9.0A): ACC = 0.00000000 SUC = 0.00000000 TP =        0 FP =        1 FN =     2749
[11/19/2022 14:58:41 - main -     INFO]: Saved a new model: CP01_O0.0468_H0.0000_0.410437.pkl
[11/19/2022 14:58:41 - main -     INFO]: Spend time: 83.77s
[11/19/2022 14:58:41 - main -     INFO]: End training epoch: 1
