[11/23/2022 15:11:18 - main -     INFO]: 
Epoch = 67
Max memory use=12948.54MB
Train info: loss = 0.204409897327423
O(0.0-6.0A): ACC = 0.69146609 SUC = 0.00000000 TP =  2447150 FP =    83638 FN =   965663
O(6.0-9.0A): ACC = 0.90935743 SUC = 0.13586816 TP =  1184133 FP =     5835 FN =   118481
H(0.0-6.0A): ACC = 0.00614726 SUC = 0.00000000 TP =    42162 FP =      828 FN =  6565993
H(6.0-9.0A): ACC = 0.01848906 SUC = 0.00000000 TP =    51628 FP =      350 FN =  2771071
Valid info: loss = 0.235433608293533
O(0.0-6.0A): ACC = 0.65534806 SUC = 0.00000000 TP =   776645 FP =    31284 FN =   361784
O(6.0-9.0A): ACC = 0.91126287 SUC = 0.15299059 TP =   395687 FP =     2352 FN =    38296
H(0.0-6.0A): ACC = 0.00003547 SUC = 0.00000000 TP =       81 FP =        0 FN =  2202908
H(6.0-9.0A): ACC = 0.00058166 SUC = 0.00000000 TP =      542 FP =        5 FN =   941293
[11/23/2022 15:11:18 - main -     INFO]: No model was saved
[11/23/2022 15:11:18 - main -     INFO]: Spend time: 2720.81s
[11/23/2022 15:11:18 - main -     INFO]: End training epoch: 67
[11/23/2022 15:56:47 - main -     INFO]: 
Epoch = 68
Max memory use=12948.54MB
Train info: loss = 0.203501224517822
O(0.0-6.0A): ACC = 0.69441301 SUC = 0.00000000 TP =  2457442 FP =    84320 FN =   955371
O(6.0-9.0A): ACC = 0.91021335 SUC = 0.14556020 TP =  1185348 FP =     5779 FN =   117266
H(0.0-6.0A): ACC = 0.00673806 SUC = 0.00000000 TP =    46244 FP =     1031 FN =  6561911
H(6.0-9.0A): ACC = 0.01810510 SUC = 0.00000000 TP =    50680 FP =      413 FN =  2772019
Valid info: loss = 0.245812416076660
O(0.0-6.0A): ACC = 0.66194975 SUC = 0.00000000 TP =   784907 FP =    30734 FN =   353522
O(6.0-9.0A): ACC = 0.90012503 SUC = 0.12597448 TP =   390052 FP =     1658 FN =    43931
H(0.0-6.0A): ACC = 0.00038878 SUC = 0.00000000 TP =      881 FP =       60 FN =  2202108
H(6.0-9.0A): ACC = 0.00199438 SUC = 0.00000000 TP =     1866 FP =       30 FN =   939969
[11/23/2022 15:56:47 - main -     INFO]: No model was saved
[11/23/2022 15:56:47 - main -     INFO]: Spend time: 2729.05s
[11/23/2022 15:56:47 - main -     INFO]: End training epoch: 68
[11/23/2022 16:42:10 - main -     INFO]: 
Epoch = 69
Max memory use=12948.54MB
Train info: loss = 0.203120008111000
O(0.0-6.0A): ACC = 0.69552845 SUC = 0.00000000 TP =  2461398 FP =    84312 FN =   951415
O(6.0-9.0A): ACC = 0.91054016 SUC = 0.14118251 TP =  1185790 FP =     5763 FN =   116824
H(0.0-6.0A): ACC = 0.00928943 SUC = 0.00000000 TP =    63807 FP =     1302 FN =  6544348
H(6.0-9.0A): ACC = 0.02459086 SUC = 0.00000000 TP =    68629 FP =      509 FN =  2754070
Valid info: loss = 0.241205126047134
O(0.0-6.0A): ACC = 0.66961998 SUC = 0.00000000 TP =   792331 FP =    29930 FN =   346098
O(6.0-9.0A): ACC = 0.91470885 SUC = 0.16609544 TP =   397342 FP =     2549 FN =    36641
H(0.0-6.0A): ACC = 0.00168437 SUC = 0.00000000 TP =     3810 FP =      135 FN =  2199179
H(6.0-9.0A): ACC = 0.00364648 SUC = 0.00000000 TP =     3358 FP =       37 FN =   938477
[11/23/2022 16:42:10 - main -     INFO]: No model was saved
[11/23/2022 16:42:10 - main -     INFO]: Spend time: 2723.18s
[11/23/2022 16:42:10 - main -     INFO]: End training epoch: 69
[11/23/2022 17:28:05 - main -     INFO]: 
Epoch = 70
Max memory use=12948.54MB
Train info: loss = 0.202624410390854
O(0.0-6.0A): ACC = 0.69672590 SUC = 0.00003367 TP =  2465380 FP =    84217 FN =   947433
O(6.0-9.0A): ACC = 0.91095436 SUC = 0.14898004 TP =  1186141 FP =     5675 FN =   116473
H(0.0-6.0A): ACC = 0.01301748 SUC = 0.00000000 TP =    89283 FP =     2050 FN =  6518872
H(6.0-9.0A): ACC = 0.03525379 SUC = 0.00000000 TP =    98563 FP =      821 FN =  2724136
Valid info: loss = 0.241200014948845
O(0.0-6.0A): ACC = 0.69017398 SUC = 0.00000000 TP =   819663 FP =    35176 FN =   318766
O(6.0-9.0A): ACC = 0.90672213 SUC = 0.14240593 TP =   393074 FP =     1834 FN =    40909
H(0.0-6.0A): ACC = 0.00251517 SUC = 0.00000000 TP =     5710 FP =      283 FN =  2197279
H(6.0-9.0A): ACC = 0.03384783 SUC = 0.00000000 TP =    31592 FP =      121 FN =   910243
[11/23/2022 17:28:05 - main -     INFO]: No model was saved
[11/23/2022 17:28:05 - main -     INFO]: Spend time: 2755.32s
[11/23/2022 17:28:05 - main -     INFO]: End training epoch: 70
[11/23/2022 17:28:05 - main -     INFO]: End training.
