[11/21/2022 08:35:25 - main -     INFO]: Load model parameters from /gpfs/share/home/2000012508/structural_ml/afm_go-1/checkpoints/3D_babe.pkl
[11/21/2022 08:35:25 - main -     INFO]: Data parallel, using 2 GPU: ['Tesla P100-PCIE-16GB', 'Tesla P100-PCIE-16GB']
[11/21/2022 08:35:25 - main -     INFO]: Main Device: Tesla P100-PCIE-16GB
[11/21/2022 08:35:25 - main -     INFO]: Start training.
[11/21/2022 08:55:54 - main -     INFO]: 
Epoch = 1
Max memory use=12948.30MB
Train info: loss = 0.202273443341255
O(0.0-6.0A): ACC = 0.70071995 SUC = 0.00000000 TP =  1227903 FP =    27928 FN =   497996
O(6.0-9.0A): ACC = 0.91268390 SUC = 0.07781808 TP =   542959 FP =     2136 FN =    49133
H(0.0-6.0A): ACC = 0.21504055 SUC = 0.00000000 TP =   783746 FP =   315509 FN =  2537834
H(6.0-9.0A): ACC = 0.84341747 SUC = 0.00013951 TP =  1132905 FP =    26977 FN =   181497
Valid info: loss = 0.204259887337685
O(0.0-6.0A): ACC = 0.70631844 SUC = 0.00000000 TP =   413040 FP =    10138 FN =   161905
O(6.0-9.0A): ACC = 0.91531253 SUC = 0.07270833 TP =   181483 FP =      690 FN =    15942
H(0.0-6.0A): ACC = 0.21745366 SUC = 0.00000000 TP =   264532 FP =   107420 FN =   842517
H(6.0-9.0A): ACC = 0.83853453 SUC = 0.00020833 TP =   374926 FP =     8714 FN =    62765
[11/21/2022 08:55:54 - main -     INFO]: Saved a new model: CP01_O0.7063_H0.2175_0.204260.pkl
[11/21/2022 08:55:54 - main -     INFO]: Spend time: 1229.07s
[11/21/2022 08:55:54 - main -     INFO]: End training epoch: 1
[11/21/2022 09:16:34 - main -     INFO]: 
Epoch = 2
Max memory use=12948.30MB
Train info: loss = 0.199456647038460
O(0.0-6.0A): ACC = 0.71222496 SUC = 0.00000000 TP =  1248296 FP =    28314 FN =   477603
O(6.0-9.0A): ACC = 0.91671246 SUC = 0.08807199 TP =   545276 FP =     2111 FN =    46816
H(0.0-6.0A): ACC = 0.22843890 SUC = 0.00000000 TP =   834982 FP =   327725 FN =  2486598
H(6.0-9.0A): ACC = 0.85221726 SUC = 0.00027902 TP =  1143931 FP =    26199 FN =   170471
Valid info: loss = 0.202133536338806
O(0.0-6.0A): ACC = 0.69683647 SUC = 0.00000000 TP =   406919 FP =     9486 FN =   168026
O(6.0-9.0A): ACC = 0.90884829 SUC = 0.07083333 TP =   180542 FP =      980 FN =    16883
H(0.0-6.0A): ACC = 0.24341863 SUC = 0.00000000 TP =   299406 FP =   121617 FN =   807643
H(6.0-9.0A): ACC = 0.85020733 SUC = 0.00000000 TP =   380782 FP =     9154 FN =    56909
[11/21/2022 09:16:34 - main -     INFO]: Saved a new model: CP02_O0.6968_H0.2434_0.202134.pkl
[11/21/2022 09:16:34 - main -     INFO]: Spend time: 1239.39s
[11/21/2022 09:16:34 - main -     INFO]: End training epoch: 2
[11/21/2022 09:37:10 - main -     INFO]: 
Epoch = 3
Max memory use=12948.30MB
Train info: loss = 0.197006434202194
O(0.0-6.0A): ACC = 0.72025329 SUC = 0.00000000 TP =  1262915 FP =    28902 FN =   462984
O(6.0-9.0A): ACC = 0.92066067 SUC = 0.09725167 TP =   547344 FP =     1924 FN =    44748
H(0.0-6.0A): ACC = 0.24156158 SUC = 0.00000000 TP =   885492 FP =   338009 FN =  2436088
H(6.0-9.0A): ACC = 0.85928077 SUC = 0.00006975 TP =  1152571 FP =    25616 FN =   161831
Valid info: loss = 0.200370103120804
O(0.0-6.0A): ACC = 0.70921826 SUC = 0.00000000 TP =   415228 FP =    11255 FN =   159717
O(6.0-9.0A): ACC = 0.92018676 SUC = 0.09273809 TP =   182512 FP =      741 FN =    14913
H(0.0-6.0A): ACC = 0.24434845 SUC = 0.00000000 TP =   298823 FP =   114540 FN =   808226
H(6.0-9.0A): ACC = 0.86291832 SUC = 0.00083333 TP =   386320 FP =     9583 FN =    51371
[11/21/2022 09:37:10 - main -     INFO]: Saved a new model: CP03_O0.7092_H0.2443_0.200370.pkl
[11/21/2022 09:37:10 - main -     INFO]: Spend time: 1236.34s
[11/21/2022 09:37:10 - main -     INFO]: End training epoch: 3
[11/21/2022 09:57:40 - main -     INFO]: 
Epoch = 4
Max memory use=12948.30MB
Train info: loss = 0.194996505975723
O(0.0-6.0A): ACC = 0.72711027 SUC = 0.00000000 TP =  1275398 FP =    29568 FN =   450501
O(6.0-9.0A): ACC = 0.92366278 SUC = 0.10231585 TP =   549103 FP =     1914 FN =    42989
H(0.0-6.0A): ACC = 0.25445774 SUC = 0.00000000 TP =   934094 FP =   345383 FN =  2387486
H(6.0-9.0A): ACC = 0.86468661 SUC = 0.00020926 TP =  1159636 FP =    25343 FN =   154766
Valid info: loss = 0.199218183755875
O(0.0-6.0A): ACC = 0.72518122 SUC = 0.00000000 TP =   425155 FP =    12130 FN =   149790
O(6.0-9.0A): ACC = 0.92572111 SUC = 0.12482142 TP =   183603 FP =      676 FN =    13822
H(0.0-6.0A): ACC = 0.25917906 SUC = 0.00000000 TP =   318877 FP =   121752 FN =   788172
H(6.0-9.0A): ACC = 0.86532092 SUC = 0.00000000 TP =   387151 FP =     9084 FN =    50540
[11/21/2022 09:57:40 - main -     INFO]: Saved a new model: CP04_O0.7252_H0.2592_0.199218.pkl
[11/21/2022 09:57:40 - main -     INFO]: Spend time: 1230.17s
[11/21/2022 09:57:40 - main -     INFO]: End training epoch: 4
[11/21/2022 10:18:37 - main -     INFO]: 
Epoch = 5
Max memory use=12948.30MB
Train info: loss = 0.192802950739861
O(0.0-6.0A): ACC = 0.73360902 SUC = 0.00000000 TP =  1287100 FP =    30014 FN =   438799
O(6.0-9.0A): ACC = 0.92540181 SUC = 0.10488281 TP =   550077 FP =     1878 FN =    42015
H(0.0-6.0A): ACC = 0.26974908 SUC = 0.00000000 TP =   992139 FP =   352452 FN =  2329441
H(6.0-9.0A): ACC = 0.86915511 SUC = 0.00069754 TP =  1165193 FP =    25039 FN =   149209
Valid info: loss = 0.198266863822937
O(0.0-6.0A): ACC = 0.73919976 SUC = 0.00000000 TP =   433144 FP =    11595 FN =   141801
O(6.0-9.0A): ACC = 0.92450488 SUC = 0.10770833 TP =   183589 FP =      984 FN =    13836
H(0.0-6.0A): ACC = 0.27362061 SUC = 0.00000000 TP =   336372 FP =   122191 FN =   770677
H(6.0-9.0A): ACC = 0.86787283 SUC = 0.00062500 TP =   388397 FP =     9348 FN =    49294
[11/21/2022 10:18:37 - main -     INFO]: Saved a new model: CP05_O0.7392_H0.2736_0.198267.pkl
[11/21/2022 10:18:37 - main -     INFO]: Spend time: 1256.94s
[11/21/2022 10:18:37 - main -     INFO]: End training epoch: 5
[11/21/2022 10:39:12 - main -     INFO]: 
Epoch = 6
Max memory use=12948.30MB
Train info: loss = 0.191061586141586
O(0.0-6.0A): ACC = 0.73845178 SUC = 0.00000000 TP =  1296061 FP =    30594 FN =   429838
O(6.0-9.0A): ACC = 0.92782480 SUC = 0.11071428 TP =   551513 FP =     1841 FN =    40579
H(0.0-6.0A): ACC = 0.28569779 SUC = 0.00000000 TP =  1051060 FP =   355255 FN =  2270520
H(6.0-9.0A): ACC = 0.87355763 SUC = 0.00083705 TP =  1170825 FP =    24650 FN =   143577
Valid info: loss = 0.196665197610855
O(0.0-6.0A): ACC = 0.72391063 SUC = 0.00000000 TP =   423309 FP =    10051 FN =   151636
O(6.0-9.0A): ACC = 0.91396070 SUC = 0.06812500 TP =   181172 FP =      638 FN =    16253
H(0.0-6.0A): ACC = 0.28216493 SUC = 0.00000000 TP =   345928 FP =   119091 FN =   761121
H(6.0-9.0A): ACC = 0.86449075 SUC = 0.00020833 TP =   385859 FP =     8155 FN =    51832
[11/21/2022 10:39:12 - main -     INFO]: Saved a new model: CP06_O0.7239_H0.2822_0.196665.pkl
[11/21/2022 10:39:12 - main -     INFO]: Spend time: 1234.54s
[11/21/2022 10:39:12 - main -     INFO]: End training epoch: 6
[11/21/2022 11:00:01 - main -     INFO]: 
Epoch = 7
Max memory use=12948.30MB
Train info: loss = 0.189451649785042
O(0.0-6.0A): ACC = 0.74319851 SUC = 0.00000000 TP =  1304696 FP =    31004 FN =   421203
O(6.0-9.0A): ACC = 0.92764610 SUC = 0.11255580 TP =   551400 FP =     1923 FN =    40692
H(0.0-6.0A): ACC = 0.30149105 SUC = 0.00000000 TP =  1108811 FP =   357069 FN =  2212769
H(6.0-9.0A): ACC = 0.87584019 SUC = 0.00111607 TP =  1173396 FP =    24491 FN =   141006
Valid info: loss = 0.195079848170280
O(0.0-6.0A): ACC = 0.75311518 SUC = 0.00000000 TP =   441108 FP =    11110 FN =   133837
O(6.0-9.0A): ACC = 0.93493181 SUC = 0.13803571 TP =   185315 FP =      741 FN =    12110
H(0.0-6.0A): ACC = 0.26947060 SUC = 0.00000000 TP =   326126 FP =   104516 FN =   780923
H(6.0-9.0A): ACC = 0.86679369 SUC = 0.00020833 TP =   386815 FP =     8364 FN =    50876
[11/21/2022 11:00:01 - main -     INFO]: Saved a new model: CP07_O0.7531_H0.2695_0.195080.pkl
[11/21/2022 11:00:01 - main -     INFO]: Spend time: 1249.19s
[11/21/2022 11:00:01 - main -     INFO]: End training epoch: 7
[11/21/2022 11:20:50 - main -     INFO]: 
Epoch = 8
Max memory use=12948.30MB
Train info: loss = 0.187361225485802
O(0.0-6.0A): ACC = 0.74868041 SUC = 0.00000000 TP =  1314600 FP =    31321 FN =   411299
O(6.0-9.0A): ACC = 0.92942315 SUC = 0.11618304 TP =   552399 FP =     1842 FN =    39693
H(0.0-6.0A): ACC = 0.31911299 SUC = 0.00000000 TP =  1174339 FP =   359559 FN =  2147241
H(6.0-9.0A): ACC = 0.87892681 SUC = 0.00076730 TP =  1177194 FP =    24337 FN =   137208
Valid info: loss = 0.195218712091446
O(0.0-6.0A): ACC = 0.75368083 SUC = 0.00000000 TP =   441637 FP =    11552 FN =   133308
O(6.0-9.0A): ACC = 0.93002653 SUC = 0.11616071 TP =   184317 FP =      694 FN =    13108
H(0.0-6.0A): ACC = 0.31231004 SUC = 0.00000000 TP =   383742 FP =   123489 FN =   723307
H(6.0-9.0A): ACC = 0.87778360 SUC = 0.00208333 TP =   392275 FP =     8937 FN =    45416
[11/21/2022 11:20:50 - main -     INFO]: Saved a new model: CP08_O0.7537_H0.3123_0.195219.pkl
[11/21/2022 11:20:50 - main -     INFO]: Spend time: 1248.65s
[11/21/2022 11:20:50 - main -     INFO]: End training epoch: 8
[11/21/2022 11:41:38 - main -     INFO]: 
Epoch = 9
Max memory use=12948.30MB
Train info: loss = 0.185919210314751
O(0.0-6.0A): ACC = 0.75326455 SUC = 0.00000000 TP =  1322891 FP =    31586 FN =   403008
O(6.0-9.0A): ACC = 0.93111050 SUC = 0.12006138 TP =   553290 FP =     1822 FN =    38802
H(0.0-6.0A): ACC = 0.33344823 SUC = 0.00000000 TP =  1226820 FP =   360258 FN =  2094760
H(6.0-9.0A): ACC = 0.88018662 SUC = 0.00083705 TP =  1178938 FP =    24451 FN =   135464
Valid info: loss = 0.192381575703621
O(0.0-6.0A): ACC = 0.75732255 SUC = 0.00000000 TP =   444017 FP =    11504 FN =   130928
O(6.0-9.0A): ACC = 0.93102938 SUC = 0.12354167 TP =   184598 FP =      713 FN =    12827
H(0.0-6.0A): ACC = 0.35585299 SUC = 0.00000000 TP =   444974 FP =   144383 FN =   662075
H(6.0-9.0A): ACC = 0.88758868 SUC = 0.00208333 TP =   397365 FP =     9757 FN =    40326
[11/21/2022 11:41:38 - main -     INFO]: Saved a new model: CP09_O0.7573_H0.3559_0.192382.pkl
[11/21/2022 11:41:38 - main -     INFO]: Spend time: 1247.98s
[11/21/2022 11:41:38 - main -     INFO]: End training epoch: 9
[11/21/2022 12:03:10 - main -     INFO]: 
[11/21/2022 12:57:53 - main -     INFO]: Load model parameters from /gpfs/share/home/2000012508/structural_ml/afm_go-1/checkpoints/22-11-21-08/CP09_O0.7573_H0.3559_0.192382.pkl
[11/21/2022 12:57:53 - main -     INFO]: Data parallel, using 2 GPU: ['Tesla P100-PCIE-16GB', 'Tesla P100-PCIE-16GB']
[11/21/2022 12:57:53 - main -     INFO]: Main Device: Tesla P100-PCIE-16GB
[11/21/2022 12:57:53 - main -     INFO]: Start training.
[11/21/2022 13:18:17 - main -     INFO]: 
Epoch = 1
Max memory use=12948.30MB
Train info: loss = 0.184643536806107
O(0.0-6.0A): ACC = 0.75594920 SUC = 0.00000000 TP =  1327832 FP =    31688 FN =   398067
O(6.0-9.0A): ACC = 0.93143052 SUC = 0.12553014 TP =   553558 FP =     1826 FN =    38534
H(0.0-6.0A): ACC = 0.34560919 SUC = 0.00000000 TP =  1271816 FP =   360177 FN =  2049764
H(6.0-9.0A): ACC = 0.88188511 SUC = 0.00139509 TP =  1181033 FP =    24106 FN =   133369
Valid info: loss = 0.191196203231812
O(0.0-6.0A): ACC = 0.75003260 SUC = 0.00000000 TP =   439786 FP =    11973 FN =   135159
O(6.0-9.0A): ACC = 0.92886800 SUC = 0.11333334 TP =   184069 FP =      621 FN =    13356
H(0.0-6.0A): ACC = 0.35255000 SUC = 0.00000000 TP =   437629 FP =   135972 FN =   669420
H(6.0-9.0A): ACC = 0.87478566 SUC = 0.00062500 TP =   390376 FP =     8132 FN =    47315
[11/21/2022 13:18:18 - main -     INFO]: Saved a new model: CP01_O0.7500_H0.3525_0.191196.pkl
[11/21/2022 13:18:18 - main -     INFO]: Spend time: 1224.78s
[11/21/2022 13:18:18 - main -     INFO]: End training epoch: 1
[11/21/2022 13:38:49 - main -     INFO]: 
Epoch = 2
Max memory use=12948.30MB
Train info: loss = 0.182775422930717
O(0.0-6.0A): ACC = 0.76150829 SUC = 0.00000000 TP =  1337694 FP =    31959 FN =   388205
O(6.0-9.0A): ACC = 0.93320090 SUC = 0.12547433 TP =   554471 FP =     1787 FN =    37621
H(0.0-6.0A): ACC = 0.35970694 SUC = 0.00000000 TP =  1323601 FP =   362210 FN =  1997979
H(6.0-9.0A): ACC = 0.88452375 SUC = 0.00090681 TP =  1183948 FP =    23734 FN =   130454
Valid info: loss = 0.190798252820969
O(0.0-6.0A): ACC = 0.74281412 SUC = 0.00000000 TP =   434938 FP =    10993 FN =   140007
O(6.0-9.0A): ACC = 0.93507284 SUC = 0.13886905 TP =   185475 FP =      854 FN =    11950
H(0.0-6.0A): ACC = 0.36377048 SUC = 0.00000000 TP =   451032 FP =   135470 FN =   656017
H(6.0-9.0A): ACC = 0.88640124 SUC = 0.00270833 TP =   396715 FP =     9488 FN =    40976
[11/21/2022 13:38:49 - main -     INFO]: Saved a new model: CP02_O0.7428_H0.3638_0.190798.pkl
[11/21/2022 13:38:49 - main -     INFO]: Spend time: 1231.57s
[11/21/2022 13:38:49 - main -     INFO]: End training epoch: 2
[11/21/2022 13:59:27 - main -     INFO]: 
Epoch = 3
Max memory use=12948.30MB
Train info: loss = 0.181281536817551
O(0.0-6.0A): ACC = 0.76583517 SUC = 0.00000000 TP =  1345519 FP =    32339 FN =   380380
O(6.0-9.0A): ACC = 0.93468761 SUC = 0.13235213 TP =   555365 FP =     1750 FN =    36727
H(0.0-6.0A): ACC = 0.37116799 SUC = 0.00000000 TP =  1365581 FP =   363669 FN =  1955999
H(6.0-9.0A): ACC = 0.88662893 SUC = 0.00146484 TP =  1186653 FP =    23432 FN =   127749
Valid info: loss = 0.189694762229919
O(0.0-6.0A): ACC = 0.75384855 SUC = 0.00000000 TP =   441884 FP =    11625 FN =   133061
O(6.0-9.0A): ACC = 0.93367022 SUC = 0.12803571 TP =   185053 FP =      707 FN =    12372
H(0.0-6.0A): ACC = 0.34854558 SUC = 0.00000000 TP =   427034 FP =   120307 FN =   680015
H(6.0-9.0A): ACC = 0.87601799 SUC = 0.00125000 TP =   391184 FP =     8569 FN =    46507
[11/21/2022 13:59:27 - main -     INFO]: Saved a new model: CP03_O0.7538_H0.3485_0.189695.pkl
[11/21/2022 13:59:27 - main -     INFO]: Spend time: 1238.25s
[11/21/2022 13:59:27 - main -     INFO]: End training epoch: 3
[11/21/2022 14:00:26 - main -     INFO]: Load model parameters from /gpfs/share/home/2000012508/structural_ml/afm_go-1/checkpoints/22-11-21-12/CP02_O0.7428_H0.3638_0.190798.pkl
[11/21/2022 14:00:26 - main -     INFO]: Data parallel, using 2 GPU: ['Tesla P100-PCIE-16GB', 'Tesla P100-PCIE-16GB']
[11/21/2022 14:00:26 - main -     INFO]: Main Device: Tesla P100-PCIE-16GB
[11/21/2022 14:00:26 - main -     INFO]: Start training.
[11/21/2022 14:20:05 - main -     INFO]: 
Epoch = 4
Max memory use=12948.30MB
Train info: loss = 0.179811075329781
O(0.0-6.0A): ACC = 0.76956552 SUC = 0.00000000 TP =  1352358 FP =    32633 FN =   373541
O(6.0-9.0A): ACC = 0.93532336 SUC = 0.13325892 TP =   555671 FP =     1758 FN =    36421
H(0.0-6.0A): ACC = 0.38271663 SUC = 0.00000000 TP =  1409005 FP =   366007 FN =  1912575
H(6.0-9.0A): ACC = 0.88759094 SUC = 0.00125558 TP =  1187909 FP =    23637 FN =   126493
Valid info: loss = 0.189066112041473
O(0.0-6.0A): ACC = 0.77570033 SUC = 0.00000000 TP =   454741 FP =    11617 FN =   120204
O(6.0-9.0A): ACC = 0.93615603 SUC = 0.14449404 TP =   185442 FP =      620 FN =    11983
H(0.0-6.0A): ACC = 0.35844868 SUC = 0.00000000 TP =   438124 FP =   118681 FN =   668925
H(6.0-9.0A): ACC = 0.87181711 SUC = 0.00104167 TP =   388800 FP =     8036 FN =    48891
[11/21/2022 14:20:06 - main -     INFO]: Saved a new model: CP04_O0.7757_H0.3584_0.189066.pkl
[11/21/2022 14:20:06 - main -     INFO]: Spend time: 1238.20s
[11/21/2022 14:20:06 - main -     INFO]: End training epoch: 4
[11/21/2022 14:40:39 - main -     INFO]: 
Epoch = 5
Max memory use=12948.30MB
Train info: loss = 0.178579583764076
O(0.0-6.0A): ACC = 0.77165174 SUC = 0.00000000 TP =  1355999 FP =    32720 FN =   369900
O(6.0-9.0A): ACC = 0.93600452 SUC = 0.13768137 TP =   556092 FP =     1755 FN =    36000
H(0.0-6.0A): ACC = 0.39190796 SUC = 0.00000000 TP =  1441730 FP =   364533 FN =  1879850
H(6.0-9.0A): ACC = 0.88912010 SUC = 0.00146484 TP =  1189919 FP =    23557 FN =   124483
Valid info: loss = 0.188529729843140
O(0.0-6.0A): ACC = 0.75845420 SUC = 0.00000000 TP =   444387 FP =    11307 FN =   130558
O(6.0-9.0A): ACC = 0.92789406 SUC = 0.11282738 TP =   183781 FP =      512 FN =    13644
H(0.0-6.0A): ACC = 0.39336640 SUC = 0.00000000 TP =   490262 FP =   141846 FN =   616787
H(6.0-9.0A): ACC = 0.87809944 SUC = 0.00145833 TP =   391272 FP =     7590 FN =    46419
[11/21/2022 14:40:39 - main -     INFO]: Saved a new model: CP05_O0.7585_H0.3934_0.188530.pkl
[11/21/2022 14:40:39 - main -     INFO]: Spend time: 1233.28s
[11/21/2022 14:40:39 - main -     INFO]: End training epoch: 5
[11/21/2022 14:42:36 - main -     INFO]: [11/21/2022 15:01:20 - main -     INFO]: 
Epoch = 6
Max memory use=12948.30MB
Train info: loss = 0.177239328622818
O(0.0-6.0A): ACC = 0.77496654 SUC = 0.00006975 TP =  1361967 FP =    32902 FN =   363932
O(6.0-9.0A): ACC = 0.93734318 SUC = 0.14151786 TP =   556826 FP =     1726 FN =    35266
H(0.0-6.0A): ACC = 0.40201145 SUC = 0.00000000 TP =  1479326 FP =   365493 FN =  1842254
H(6.0-9.0A): ACC = 0.89063227 SUC = 0.00195312 TP =  1191560 FP =    23047 FN =   122842
Valid info: loss = 0.188101530075073
O(0.0-6.0A): ACC = 0.74924034 SUC = 0.00000000 TP =   438889 FP =    10743 FN =   136056
O(6.0-9.0A): ACC = 0.93280345 SUC = 0.12833333 TP =   184826 FP =      555 FN =    12599
H(0.0-6.0A): ACC = 0.37934881 SUC = 0.00000000 TP =   466198 FP =   125454 FN =   640851
H(6.0-9.0A): ACC = 0.88403964 SUC = 0.00208333 TP =   395008 FP =     8705 FN =    42683
[11/21/2022 15:01:20 - main -     INFO]: Saved a new model: CP06_O0.7492_H0.3793_0.188102.pkl
[11/21/2022 15:01:20 - main -     INFO]: Spend time: 1241.10s
[11/21/2022 15:01:20 - main -     INFO]: End training epoch: 6
[11/21/2022 15:21:58 - main -     INFO]: 
Epoch = 7
Max memory use=12948.30MB
Train info: loss = 0.176155924797058
O(0.0-6.0A): ACC = 0.77799618 SUC = 0.00000000 TP =  1367484 FP =    33180 FN =   358415
O(6.0-9.0A): ACC = 0.93748623 SUC = 0.14080636 TP =   557005 FP =     1807 FN =    35087
H(0.0-6.0A): ACC = 0.41048580 SUC = 0.00000000 TP =  1510095 FP =   364284 FN =  1811485
H(6.0-9.0A): ACC = 0.89098614 SUC = 0.00188337 TP =  1191850 FP =    23024 FN =   122552
Valid info: loss = 0.187024444341660
O(0.0-6.0A): ACC = 0.75748152 SUC = 0.00000000 TP =   443735 FP =    11199 FN =   131210
O(6.0-9.0A): ACC = 0.93400097 SUC = 0.12574404 TP =   185037 FP =      629 FN =    12388
H(0.0-6.0A): ACC = 0.38710400 SUC = 0.00000000 TP =   476078 FP =   125704 FN =   630971
H(6.0-9.0A): ACC = 0.88419354 SUC = 0.00062500 TP =   394264 FP =     7900 FN =    43427
[11/21/2022 15:21:58 - main -     INFO]: Saved a new model: CP07_O0.7575_H0.3871_0.187024.pkl
[11/21/2022 15:21:58 - main -     INFO]: Spend time: 1238.25s
[11/21/2022 15:21:58 - main -     INFO]: End training epoch: 7
[11/21/2022 15:42:32 - main -     INFO]: 
Epoch = 8
Max memory use=12948.30MB
Train info: loss = 0.174691051244736
O(0.0-6.0A): ACC = 0.78097832 SUC = 0.00000000 TP =  1372994 FP =    33321 FN =   352905
O(6.0-9.0A): ACC = 0.93815058 SUC = 0.14667968 TP =   557313 FP =     1740 FN =    34779
H(0.0-6.0A): ACC = 0.41985464 SUC = 0.00000000 TP =  1544003 FP =   363375 FN =  1777577
H(6.0-9.0A): ACC = 0.89253271 SUC = 0.00195312 TP =  1193691 FP =    22722 FN =   120711
Valid info: loss = 0.186799019575119
O(0.0-6.0A): ACC = 0.77140206 SUC = 0.00000000 TP =   452813 FP =    12306 FN =   122132
O(6.0-9.0A): ACC = 0.93536723 SUC = 0.13124999 TP =   185282 FP =      620 FN =    12143
H(0.0-6.0A): ACC = 0.38717756 SUC = 0.00000000 TP =   473349 FP =   118623 FN =   633700
H(6.0-9.0A): ACC = 0.88041312 SUC = 0.00125000 TP =   392514 FP =     7917 FN =    45177
[11/21/2022 15:42:32 - main -     INFO]: Saved a new model: CP08_O0.7714_H0.3872_0.186799.pkl
[11/21/2022 15:42:32 - main -     INFO]: Spend time: 1233.56s
[11/21/2022 15:42:32 - main -     INFO]: End training epoch: 8
[11/21/2022 16:03:11 - main -     INFO]: 
Epoch = 9
Max memory use=12948.30MB
Train info: loss = 0.173716753721237
O(0.0-6.0A): ACC = 0.78422534 SUC = 0.00000000 TP =  1378771 FP =    33560 FN =   347128
O(6.0-9.0A): ACC = 0.93875206 SUC = 0.14737724 TP =   557669 FP =     1765 FN =    34423
H(0.0-6.0A): ACC = 0.42845416 SUC = 0.00000000 TP =  1574271 FP =   360841 FN =  1747309
H(6.0-9.0A): ACC = 0.89360565 SUC = 0.00237165 TP =  1195188 FP =    22996 FN =   119214
Valid info: loss = 0.185338005423546
O(0.0-6.0A): ACC = 0.77107292 SUC = 0.00000000 TP =   451815 FP =    11367 FN =   123130
O(6.0-9.0A): ACC = 0.93286216 SUC = 0.12053571 TP =   184895 FP =      677 FN =    12530
H(0.0-6.0A): ACC = 0.40177441 SUC = 0.00000000 TP =   493985 FP =   126547 FN =   613064
H(6.0-9.0A): ACC = 0.88596314 SUC = 0.00187500 TP =   395633 FP =     8398 FN =    42058
[11/21/2022 16:03:11 - main -     INFO]: Saved a new model: CP09_O0.7711_H0.4018_0.185338.pkl
[11/21/2022 16:03:11 - main -     INFO]: Spend time: 1239.20s
[11/21/2022 16:03:11 - main -     INFO]: End training epoch: 9
[11/21/2022 16:23:46 - main -     INFO]: 
Epoch = 10
Max memory use=12948.30MB
Train info: loss = 0.172469004988670
O(0.0-6.0A): ACC = 0.78596258 SUC = 0.00000000 TP =  1381774 FP =    33466 FN =   344125
O(6.0-9.0A): ACC = 0.93897969 SUC = 0.14645648 TP =   557796 FP =     1800 FN =    34296
H(0.0-6.0A): ACC = 0.43766710 SUC = 0.00000000 TP =  1607646 FP =   360168 FN =  1713934
H(6.0-9.0A): ACC = 0.89494228 SUC = 0.00230190 TP =  1196707 FP =    22799 FN =   117695
Valid info: loss = 0.185090005397797
O(0.0-6.0A): ACC = 0.76977736 SUC = 0.00000000 TP =   451700 FP =    12300 FN =   123245
O(6.0-9.0A): ACC = 0.94101757 SUC = 0.15291667 TP =   186495 FP =      697 FN =    10930
H(0.0-6.0A): ACC = 0.40933532 SUC = 0.00000000 TP =   503695 FP =   127406 FN =   603354
H(6.0-9.0A): ACC = 0.89417398 SUC = 0.00250000 TP =   399341 FP =     8747 FN =    38350
[11/21/2022 16:23:46 - main -     INFO]: Saved a new model: CP10_O0.7698_H0.4093_0.185090.pkl
[11/21/2022 16:23:46 - main -     INFO]: Spend time: 1235.28s
[11/21/2022 16:23:46 - main -     INFO]: End training epoch: 10
[11/21/2022 16:44:19 - main -     INFO]: 
Epoch = 11
Max memory use=12948.30MB
Train info: loss = 0.171472102403641
O(0.0-6.0A): ACC = 0.78876746 SUC = 0.00000000 TP =  1386896 FP =    33678 FN =   339003
O(6.0-9.0A): ACC = 0.94021577 SUC = 0.14782366 TP =   558416 FP =     1685 FN =    33676
H(0.0-6.0A): ACC = 0.44445542 SUC = 0.00000000 TP =  1630317 FP =   355676 FN =  1691263
H(6.0-9.0A): ACC = 0.89602220 SUC = 0.00244141 TP =  1198084 FP =    22603 FN =   116318
Valid info: loss = 0.183589547872543
O(0.0-6.0A): ACC = 0.77759522 SUC = 0.00000000 TP =   455848 FP =    11607 FN =   119097
O(6.0-9.0A): ACC = 0.93840760 SUC = 0.14407738 TP =   185945 FP =      754 FN =    11480
H(0.0-6.0A): ACC = 0.42483443 SUC = 0.00000000 TP =   524662 FP =   132287 FN =   582387
H(6.0-9.0A): ACC = 0.89336383 SUC = 0.00375000 TP =   399040 FP =     8766 FN =    38651
[11/21/2022 16:44:19 - main -     INFO]: Saved a new model: CP11_O0.7776_H0.4248_0.183590.pkl
[11/21/2022 16:44:19 - main -     INFO]: Spend time: 1232.88s
[11/21/2022 16:44:19 - main -     INFO]: End training epoch: 11
[11/21/2022 17:05:01 - main -     INFO]: 
Epoch = 12
Max memory use=12948.30MB
Train info: loss = 0.170084312558174
O(0.0-6.0A): ACC = 0.79150552 SUC = 0.00000000 TP =  1391907 FP =    34000 FN =   333992
O(6.0-9.0A): ACC = 0.94076294 SUC = 0.15435268 TP =   558835 FP =     1730 FN =    33257
H(0.0-6.0A): ACC = 0.45455578 SUC = 0.00000000 TP =  1666939 FP =   354810 FN =  1654641
H(6.0-9.0A): ACC = 0.89658469 SUC = 0.00174386 TP =  1198890 FP =    22620 FN =   115512
Valid info: loss = 0.182253971695900
O(0.0-6.0A): ACC = 0.78255969 SUC = 0.00000000 TP =   459732 FP =    12832 FN =   115213
O(6.0-9.0A): ACC = 0.93925101 SUC = 0.15041667 TP =   186090 FP =      635 FN =    11335
H(0.0-6.0A): ACC = 0.42885569 SUC = 0.00000000 TP =   527403 FP =   127006 FN =   579646
H(6.0-9.0A): ACC = 0.89090741 SUC = 0.00208333 TP =   397745 FP =     8486 FN =    39946
[11/21/2022 17:05:01 - main -     INFO]: Saved a new model: CP12_O0.7826_H0.4289_0.182254.pkl
[11/21/2022 17:05:01 - main -     INFO]: Spend time: 1242.23s
[11/21/2022 17:05:01 - main -     INFO]: End training epoch: 12
[11/21/2022 17:25:54 - main -     INFO]: 
Epoch = 13
Max memory use=12948.30MB
Train info: loss = 0.169272586703300
O(0.0-6.0A): ACC = 0.79331785 SUC = 0.00000000 TP =  1395320 FP =    34226 FN =   330579
O(6.0-9.0A): ACC = 0.94090807 SUC = 0.15488280 TP =   558870 FP =     1734 FN =    33222
H(0.0-6.0A): ACC = 0.46305442 SUC = 0.00000000 TP =  1695937 FP =   350411 FN =  1625643
H(6.0-9.0A): ACC = 0.89741236 SUC = 0.00223214 TP =  1199801 FP =    22490 FN =   114601
Valid info: loss = 0.184121042490005
O(0.0-6.0A): ACC = 0.80372983 SUC = 0.00000000 TP =   472706 FP =    13559 FN =   102239
O(6.0-9.0A): ACC = 0.94560325 SUC = 0.18437500 TP =   187431 FP =      824 FN =     9994
H(0.0-6.0A): ACC = 0.45083466 SUC = 0.00000000 TP =   560227 FP =   141017 FN =   546822
H(6.0-9.0A): ACC = 0.88888079 SUC = 0.00208333 TP =   396656 FP =     8584 FN =    41035
[11/21/2022 17:25:55 - main -     INFO]: Saved a new model: CP13_O0.8037_H0.4508_0.184121.pkl
[11/21/2022 17:25:55 - main -     INFO]: Spend time: 1253.27s
[11/21/2022 17:25:55 - main -     INFO]: End training epoch: 13
[11/21/2022 17:46:33 - main -     INFO]: 
Epoch = 14
Max memory use=12948.30MB
Train info: loss = 0.168095558881760
O(0.0-6.0A): ACC = 0.79598773 SUC = 0.00000000 TP =  1399943 FP =    34169 FN =   325956
O(6.0-9.0A): ACC = 0.94179982 SUC = 0.15242745 TP =   559386 FP =     1720 FN =    32706
H(0.0-6.0A): ACC = 0.47201961 SUC = 0.00000000 TP =  1726206 FP =   346058 FN =  1595374
H(6.0-9.0A): ACC = 0.89814425 SUC = 0.00223214 TP =  1200551 FP =    22264 FN =   113851
Valid info: loss = 0.182961285114288
O(0.0-6.0A): ACC = 0.78817892 SUC = 0.00000000 TP =   462419 FP =    12247 FN =   112526
O(6.0-9.0A): ACC = 0.94289988 SUC = 0.17000000 TP =   186832 FP =      720 FN =    10593
H(0.0-6.0A): ACC = 0.44721043 SUC = 0.00000000 TP =   551820 FP =   132211 FN =   555229
H(6.0-9.0A): ACC = 0.90311950 SUC = 0.00562500 TP =   403834 FP =     9447 FN =    33857
[11/21/2022 17:46:33 - main -     INFO]: Saved a new model: CP14_O0.7882_H0.4472_0.182961.pkl
[11/21/2022 17:46:33 - main -     INFO]: Spend time: 1238.12s
[11/21/2022 17:46:33 - main -     INFO]: End training epoch: 14
[11/21/2022 18:07:12 - main -     INFO]: 
Epoch = 15
Max memory use=12948.30MB
Train info: loss = 0.167278379201889
O(0.0-6.0A): ACC = 0.79729241 SUC = 0.00000000 TP =  1402593 FP =    34654 FN =   323306
O(6.0-9.0A): ACC = 0.94212532 SUC = 0.15871930 TP =   559539 FP =     1752 FN =    32553
H(0.0-6.0A): ACC = 0.47942445 SUC = 0.00000000 TP =  1751385 FP =   342813 FN =  1570195
H(6.0-9.0A): ACC = 0.89818490 SUC = 0.00327846 TP =  1200887 FP =    22696 FN =   113515
Valid info: loss = 0.182225435972214
O(0.0-6.0A): ACC = 0.78826261 SUC = 0.00000000 TP =   463167 FP =    13060 FN =   111778
O(6.0-9.0A): ACC = 0.94108111 SUC = 0.14749999 TP =   186601 FP =      869 FN =    10824
H(0.0-6.0A): ACC = 0.44324890 SUC = 0.00000000 TP =   542406 FP =   122763 FN =   564643
H(6.0-9.0A): ACC = 0.88373667 SUC = 0.00041667 TP =   394274 FP =     8084 FN =    43417
[11/21/2022 18:07:12 - main -     INFO]: Saved a new model: CP15_O0.7883_H0.4432_0.182225.pkl
[11/21/2022 18:07:12 - main -     INFO]: Spend time: 1239.44s
[11/21/2022 18:07:12 - main -     INFO]: End training epoch: 15
[11/21/2022 18:28:00 - main -     INFO]: 
Epoch = 16
Max memory use=12948.30MB
Train info: loss = 0.165873497724533
O(0.0-6.0A): ACC = 0.79959816 SUC = 0.00000000 TP =  1406130 FP =    33960 FN =   319769
O(6.0-9.0A): ACC = 0.94271272 SUC = 0.16032365 TP =   559898 FP =     1707 FN =    32194
H(0.0-6.0A): ACC = 0.49017954 SUC = 0.00000000 TP =  1787810 FP =   337570 FN =  1533770
H(6.0-9.0A): ACC = 0.89985943 SUC = 0.00313895 TP =  1202986 FP =    22529 FN =   111416
Valid info: loss = 0.180906519293785
O(0.0-6.0A): ACC = 0.78564447 SUC = 0.00000000 TP =   461724 FP =    13278 FN =   113221
O(6.0-9.0A): ACC = 0.93532258 SUC = 0.13315475 TP =   185340 FP =      685 FN =    12085
H(0.0-6.0A): ACC = 0.47274810 SUC = 0.00000000 TP =   585174 FP =   137358 FN =   521875
H(6.0-9.0A): ACC = 0.89732605 SUC = 0.00250000 TP =   400853 FP =     8925 FN =    36838
[11/21/2022 18:28:00 - main -     INFO]: Saved a new model: CP16_O0.7856_H0.4727_0.180907.pkl
[11/21/2022 18:28:00 - main -     INFO]: Spend time: 1247.43s
[11/21/2022 18:28:00 - main -     INFO]: End training epoch: 16
[11/21/2022 18:48:38 - main -     INFO]: 
Epoch = 17
Max memory use=12948.30MB
Train info: loss = 0.164749488234520
O(0.0-6.0A): ACC = 0.80280793 SUC = 0.00000000 TP =  1412270 FP =    34476 FN =   313629
O(6.0-9.0A): ACC = 0.94311440 SUC = 0.16012836 TP =   560104 FP =     1733 FN =    31988
H(0.0-6.0A): ACC = 0.50078624 SUC = 0.00000000 TP =  1823529 FP =   332238 FN =  1498051
H(6.0-9.0A): ACC = 0.90065140 SUC = 0.00272042 TP =  1203747 FP =    22321 FN =   110655
Valid info: loss = 0.184418365359306
O(0.0-6.0A): ACC = 0.78443581 SUC = 0.00000000 TP =   460001 FP =    11942 FN =   114944
O(6.0-9.0A): ACC = 0.93718708 SUC = 0.13708334 TP =   185645 FP =      620 FN =    11780
H(0.0-6.0A): ACC = 0.46294814 SUC = 0.00000000 TP =   567336 FP =   126049 FN =   539713
H(6.0-9.0A): ACC = 0.89253807 SUC = 0.00104167 TP =   397896 FP =     8037 FN =    39795
[11/21/2022 18:48:38 - main -     INFO]: No model was saved
[11/21/2022 18:48:38 - main -     INFO]: Spend time: 1238.38s
[11/21/2022 18:48:38 - main -     INFO]: End training epoch: 17
[11/21/2022 19:09:14 - main -     INFO]: 
Epoch = 18
Max memory use=12948.30MB
Train info: loss = 0.164006337523460
O(0.0-6.0A): ACC = 0.80339432 SUC = 0.00000000 TP =  1413184 FP =    34419 FN =   312715
O(6.0-9.0A): ACC = 0.94325507 SUC = 0.16482981 TP =   560183 FP =     1710 FN =    31909
H(0.0-6.0A): ACC = 0.50976235 SUC = 0.00000000 TP =  1852070 FP =   324975 FN =  1469510
H(6.0-9.0A): ACC = 0.90070498 SUC = 0.00411551 TP =  1203679 FP =    22072 FN =   110723
Valid info: loss = 0.180392861366272
O(0.0-6.0A): ACC = 0.78787631 SUC = 0.00000000 TP =   461676 FP =    11413 FN =   113269
O(6.0-9.0A): ACC = 0.93584424 SUC = 0.12562500 TP =   185404 FP =      714 FN =    12021
H(0.0-6.0A): ACC = 0.47343364 SUC = 0.00000000 TP =   578644 FP =   123019 FN =   528405
H(6.0-9.0A): ACC = 0.88899839 SUC = 0.00104167 TP =   396324 FP =     7954 FN =    41367
[11/21/2022 19:09:14 - main -     INFO]: Saved a new model: CP18_O0.7879_H0.4734_0.180393.pkl
[11/21/2022 19:09:14 - main -     INFO]: Spend time: 1236.29s
[11/21/2022 19:09:14 - main -     INFO]: End training epoch: 18
[11/21/2022 19:29:58 - main -     INFO]: 
Epoch = 19
Max memory use=12948.30MB
Train info: loss = 0.162847161293030
O(0.0-6.0A): ACC = 0.80552167 SUC = 0.00006975 TP =  1417163 FP =    34818 FN =   308736
O(6.0-9.0A): ACC = 0.94312125 SUC = 0.16014230 TP =   560108 FP =     1737 FN =    31984
H(0.0-6.0A): ACC = 0.52062172 SUC = 0.00000000 TP =  1887317 FP =   318702 FN =  1434263
H(6.0-9.0A): ACC = 0.90133774 SUC = 0.00320871 TP =  1204612 FP =    22341 FN =   109790
Valid info: loss = 0.179136469960213
O(0.0-6.0A): ACC = 0.78615171 SUC = 0.00000000 TP =   461616 FP =    12801 FN =   113329
O(6.0-9.0A): ACC = 0.94147247 SUC = 0.15312500 TP =   186647 FP =      839 FN =    10778
H(0.0-6.0A): ACC = 0.48844433 SUC = 0.00000000 TP =   597379 FP =   124266 FN =   509670
H(6.0-9.0A): ACC = 0.88980722 SUC = 0.00229167 TP =   396676 FP =     8004 FN =    41015
[11/21/2022 19:29:58 - main -     INFO]: Saved a new model: CP19_O0.7862_H0.4884_0.179136.pkl
[11/21/2022 19:29:58 - main -     INFO]: Spend time: 1243.63s
[11/21/2022 19:29:58 - main -     INFO]: End training epoch: 19
[11/21/2022 19:50:49 - main -     INFO]: 
Epoch = 20
Max memory use=12948.30MB
Train info: loss = 0.161961585283279
O(0.0-6.0A): ACC = 0.80757821 SUC = 0.00000000 TP =  1420684 FP =    34681 FN =   305215
O(6.0-9.0A): ACC = 0.94377434 SUC = 0.16572265 TP =   560514 FP =     1760 FN =    31578
H(0.0-6.0A): ACC = 0.53116316 SUC = 0.00000000 TP =  1920603 FP =   310505 FN =  1400977
H(6.0-9.0A): ACC = 0.90146786 SUC = 0.00251116 TP =  1204687 FP =    22364 FN =   109715
Valid info: loss = 0.178264126181602
O(0.0-6.0A): ACC = 0.80045968 SUC = 0.00000000 TP =   471026 FP =    14179 FN =   103919
O(6.0-9.0A): ACC = 0.94380260 SUC = 0.15324405 TP =   186900 FP =      649 FN =    10525
H(0.0-6.0A): ACC = 0.52441460 SUC = 0.00000000 TP =   650961 FP =   142858 FN =   456088
H(6.0-9.0A): ACC = 0.90242493 SUC = 0.00437500 TP =   403570 FP =     9490 FN =    34121
[11/21/2022 19:50:49 - main -     INFO]: Saved a new model: CP20_O0.8005_H0.5244_0.178264.pkl
[11/21/2022 19:50:49 - main -     INFO]: Spend time: 1251.08s
[11/21/2022 19:50:49 - main -     INFO]: End training epoch: 20
[11/21/2022 20:11:39 - main -     INFO]: 
Epoch = 21
Max memory use=12948.30MB
Train info: loss = 0.160976558923721
O(0.0-6.0A): ACC = 0.80927134 SUC = 0.00000000 TP =  1423837 FP =    34846 FN =   302062
O(6.0-9.0A): ACC = 0.94438273 SUC = 0.17169364 TP =   560819 FP =     1738 FN =    31273
H(0.0-6.0A): ACC = 0.54245698 SUC = 0.00000000 TP =  1956321 FP =   301855 FN =  1365259
H(6.0-9.0A): ACC = 0.90274876 SUC = 0.00390625 TP =  1206074 FP =    21809 FN =   108328
Valid info: loss = 0.177860051393509
O(0.0-6.0A): ACC = 0.80158907 SUC = 0.00000000 TP =   470760 FP =    12514 FN =   104185
O(6.0-9.0A): ACC = 0.94447583 SUC = 0.16886905 TP =   187147 FP =      645 FN =    10278
H(0.0-6.0A): ACC = 0.50629503 SUC = 0.00000000 TP =   617333 FP =   120758 FN =   489716
H(6.0-9.0A): ACC = 0.89103729 SUC = 0.00125000 TP =   396872 FP =     7525 FN =    40819
[11/21/2022 20:11:39 - main -     INFO]: Saved a new model: CP21_O0.8016_H0.5063_0.177860.pkl
[11/21/2022 20:11:39 - main -     INFO]: Spend time: 1250.06s
[11/21/2022 20:11:39 - main -     INFO]: End training epoch: 21
[11/21/2022 20:32:24 - main -     INFO]: 
Epoch = 22
Max memory use=12948.30MB
Train info: loss = 0.159762978553772
O(0.0-6.0A): ACC = 0.81067973 SUC = 0.00000000 TP =  1426199 FP =    34679 FN =   299700
O(6.0-9.0A): ACC = 0.94483387 SUC = 0.16851284 TP =   561077 FP =     1718 FN =    31015
H(0.0-6.0A): ACC = 0.55530047 SUC = 0.00000000 TP =  1997921 FP =   294419 FN =  1323659
H(6.0-9.0A): ACC = 0.90330845 SUC = 0.00460379 TP =  1206913 FP =    21984 FN =   107489
Valid info: loss = 0.177746966481209
O(0.0-6.0A): ACC = 0.80285937 SUC = 0.00000000 TP =   471337 FP =    12578 FN =   103608
O(6.0-9.0A): ACC = 0.94066477 SUC = 0.14500000 TP =   186355 FP =      711 FN =    11070
H(0.0-6.0A): ACC = 0.52241522 SUC = 0.00000000 TP =   638130 FP =   124243 FN =   468919
H(6.0-9.0A): ACC = 0.89736855 SUC = 0.00208333 TP =   400035 FP =     8192 FN =    37656
[11/21/2022 20:32:24 - main -     INFO]: Saved a new model: CP22_O0.8029_H0.5224_0.177747.pkl
[11/21/2022 20:32:24 - main -     INFO]: Spend time: 1244.62s
[11/21/2022 20:32:24 - main -     INFO]: End training epoch: 22
[11/21/2022 20:53:10 - main -     INFO]: 
Epoch = 23
Max memory use=12948.30MB
Train info: loss = 0.158795118331909
O(0.0-6.0A): ACC = 0.81232482 SUC = 0.00000000 TP =  1429183 FP =    34815 FN =   296716
O(6.0-9.0A): ACC = 0.94502246 SUC = 0.17487444 TP =   561253 FP =     1760 FN =    30839
H(0.0-6.0A): ACC = 0.56633431 SUC = 0.00000000 TP =  2032204 FP =   286244 FN =  1289376
H(6.0-9.0A): ACC = 0.90339518 SUC = 0.00495257 TP =  1207058 FP =    22066 FN =   107344
Valid info: loss = 0.176801458001137
O(0.0-6.0A): ACC = 0.80263448 SUC = 0.00000000 TP =   472132 FP =    13692 FN =   102813
O(6.0-9.0A): ACC = 0.94275868 SUC = 0.16011904 TP =   186883 FP =      758 FN =    10542
H(0.0-6.0A): ACC = 0.51865298 SUC = 0.00000000 TP =   627887 FP =   112422 FN =   479162
H(6.0-9.0A): ACC = 0.89152974 SUC = 0.00250000 TP =   397414 FP =     7954 FN =    40277
[11/21/2022 20:53:11 - main -     INFO]: Saved a new model: CP23_O0.8026_H0.5187_0.176801.pkl
[11/21/2022 20:53:11 - main -     INFO]: Spend time: 1246.88s
[11/21/2022 20:53:11 - main -     INFO]: End training epoch: 23
[11/21/2022 21:14:03 - main -     INFO]: 
Epoch = 24
Max memory use=12948.30MB
Train info: loss = 0.157543629407883
O(0.0-6.0A): ACC = 0.81431395 SUC = 0.00000000 TP =  1433225 FP =    35397 FN =   292674
O(6.0-9.0A): ACC = 0.94519913 SUC = 0.17123327 TP =   561356 FP =     1773 FN =    30736
H(0.0-6.0A): ACC = 0.58018124 SUC = 0.00000000 TP =  2075052 FP =   274659 FN =  1246528
H(6.0-9.0A): ACC = 0.90426970 SUC = 0.00404576 TP =  1208313 FP =    22075 FN =   106089
Valid info: loss = 0.177840307354927
O(0.0-6.0A): ACC = 0.78837430 SUC = 0.00000000 TP =   461830 FP =    11078 FN =   113115
O(6.0-9.0A): ACC = 0.93338633 SUC = 0.12574404 TP =   184792 FP =      435 FN =    12633
H(0.0-6.0A): ACC = 0.49409881 SUC = 0.00000000 TP =   590864 FP =    98012 FN =   516185
H(6.0-9.0A): ACC = 0.88059175 SUC = 0.00000000 TP =   391285 FP =     6401 FN =    46406
[11/21/2022 21:14:03 - main -     INFO]: No model was saved
[11/21/2022 21:14:03 - main -     INFO]: Spend time: 1252.34s
[11/21/2022 21:14:03 - main -     INFO]: End training epoch: 24
[11/21/2022 21:34:49 - main -     INFO]: 
Epoch = 25
Max memory use=12948.30MB
Train info: loss = 0.156288936734200
O(0.0-6.0A): ACC = 0.81644803 SUC = 0.00000000 TP =  1436767 FP =    35174 FN =   289132
O(6.0-9.0A): ACC = 0.94623768 SUC = 0.17746930 TP =   561939 FP =     1766 FN =    30153
H(0.0-6.0A): ACC = 0.59248745 SUC = 0.00000000 TP =  2113872 FP =   266128 FN =  1207708
H(6.0-9.0A): ACC = 0.90533894 SUC = 0.00376674 TP =  1209333 FP =    21754 FN =   105069
Valid info: loss = 0.175394490361214
O(0.0-6.0A): ACC = 0.80606610 SUC = 0.00000000 TP =   473432 FP =    12896 FN =   101513
O(6.0-9.0A): ACC = 0.94269115 SUC = 0.15541667 TP =   186718 FP =      612 FN =    10707
H(0.0-6.0A): ACC = 0.54781085 SUC = 0.00000000 TP =   662518 FP =   113317 FN =   444531
H(6.0-9.0A): ACC = 0.89011818 SUC = 0.00208333 TP =   395893 FP =     7119 FN =    41798
[11/21/2022 21:34:49 - main -     INFO]: Saved a new model: CP25_O0.8061_H0.5478_0.175394.pkl
[11/21/2022 21:34:49 - main -     INFO]: Spend time: 1246.43s
[11/21/2022 21:34:49 - main -     INFO]: End training epoch: 25
[11/21/2022 21:55:27 - main -     INFO]: 
Epoch = 26
Max memory use=12948.30MB
Train info: loss = 0.155431762337685
O(0.0-6.0A): ACC = 0.81761748 SUC = 0.00000000 TP =  1438977 FP =    35364 FN =   286922
O(6.0-9.0A): ACC = 0.94600815 SUC = 0.17826451 TP =   561913 FP =     1851 FN =    30179
H(0.0-6.0A): ACC = 0.60392034 SUC = 0.00000000 TP =  2148663 FP =   256580 FN =  1172917
H(6.0-9.0A): ACC = 0.90532845 SUC = 0.00502232 TP =  1209492 FP =    22072 FN =   104910
Valid info: loss = 0.177052512764931
O(0.0-6.0A): ACC = 0.80965501 SUC = 0.00000000 TP =   476842 FP =    14518 FN =    98103
O(6.0-9.0A): ACC = 0.94599497 SUC = 0.17407738 TP =   187396 FP =      630 FN =    10029
H(0.0-6.0A): ACC = 0.55239314 SUC = 0.00000000 TP =   668616 FP =   114750 FN =   438433
H(6.0-9.0A): ACC = 0.89706230 SUC = 0.00229167 TP =   400273 FP =     8600 FN =    37418
[11/21/2022 21:55:27 - main -     INFO]: Saved a new model: CP26_O0.8097_H0.5524_0.177053.pkl
[11/21/2022 21:55:27 - main -     INFO]: Spend time: 1237.58s
[11/21/2022 21:55:27 - main -     INFO]: End training epoch: 26
[11/21/2022 22:16:00 - main -     INFO]: 
Epoch = 27
Max memory use=12948.30MB
Train info: loss = 0.154505833983421
O(0.0-6.0A): ACC = 0.81837654 SUC = 0.00000000 TP =  1440311 FP =    35393 FN =   285588
O(6.0-9.0A): ACC = 0.94612759 SUC = 0.17363282 TP =   561934 FP =     1778 FN =    30158
H(0.0-6.0A): ACC = 0.61518306 SUC = 0.00000000 TP =  2182318 FP =   246686 FN =  1139262
H(6.0-9.0A): ACC = 0.90536636 SUC = 0.00404576 TP =  1209433 FP =    21731 FN =   104969
Valid info: loss = 0.174493387341499
O(0.0-6.0A): ACC = 0.80566853 SUC = 0.00000000 TP =   473289 FP =    13026 FN =   101656
O(6.0-9.0A): ACC = 0.94182283 SUC = 0.14866070 TP =   186751 FP =      860 FN =    10674
H(0.0-6.0A): ACC = 0.57499897 SUC = 0.00000000 TP =   694967 FP =   113501 FN =   412082
H(6.0-9.0A): ACC = 0.89491963 SUC = 0.00187500 TP =   398985 FP =     8260 FN =    38706
[11/21/2022 22:16:00 - main -     INFO]: Saved a new model: CP27_O0.8057_H0.5750_0.174493.pkl
[11/21/2022 22:16:00 - main -     INFO]: Spend time: 1232.79s
[11/21/2022 22:16:00 - main -     INFO]: End training epoch: 27
[11/21/2022 22:36:36 - main -     INFO]: 
Epoch = 28
Max memory use=12948.30MB
Train info: loss = 0.152967408299446
O(0.0-6.0A): ACC = 0.82094711 SUC = 0.00000000 TP =  1445023 FP =    35530 FN =   280876
O(6.0-9.0A): ACC = 0.94620901 SUC = 0.17723215 TP =   561975 FP =     1799 FN =    30117
H(0.0-6.0A): ACC = 0.62904137 SUC = 0.00000000 TP =  2225144 FP =   236289 FN =  1096436
H(6.0-9.0A): ACC = 0.90644300 SUC = 0.00481306 TP =  1210931 FP =    21874 FN =   103471
Valid info: loss = 0.173912227153778
O(0.0-6.0A): ACC = 0.79243851 SUC = 0.00000000 TP =   465087 FP =    12419 FN =   109858
O(6.0-9.0A): ACC = 0.94380331 SUC = 0.17428571 TP =   186922 FP =      689 FN =    10503
H(0.0-6.0A): ACC = 0.55087781 SUC = 0.00000000 TP =   657182 FP =    97678 FN =   449867
H(6.0-9.0A): ACC = 0.88790131 SUC = 0.00208333 TP =   395128 FP =     7367 FN =    42563
[11/21/2022 22:36:36 - main -     INFO]: Saved a new model: CP28_O0.7924_H0.5509_0.173912.pkl
[11/21/2022 22:36:36 - main -     INFO]: Spend time: 1235.87s
[11/21/2022 22:36:36 - main -     INFO]: End training epoch: 28
[11/21/2022 22:57:16 - main -     INFO]: 
Epoch = 29
Max memory use=12948.30MB
Train info: loss = 0.152180001139641
O(0.0-6.0A): ACC = 0.82231438 SUC = 0.00006975 TP =  1447109 FP =    35109 FN =   278790
O(6.0-9.0A): ACC = 0.94701880 SUC = 0.17852958 TP =   562400 FP =     1764 FN =    29692
H(0.0-6.0A): ACC = 0.63850510 SUC = 0.00000000 TP =  2253628 FP =   228392 FN =  1067952
H(6.0-9.0A): ACC = 0.90648353 SUC = 0.00544085 TP =  1210799 FP =    21756 FN =   103603
Valid info: loss = 0.173562005162239
O(0.0-6.0A): ACC = 0.80198014 SUC = 0.00000000 TP =   472213 FP =    14266 FN =   102732
O(6.0-9.0A): ACC = 0.94002199 SUC = 0.13595238 TP =   186368 FP =      812 FN =    11057
H(0.0-6.0A): ACC = 0.56589979 SUC = 0.00000000 TP =   676293 FP =    99978 FN =   430756
H(6.0-9.0A): ACC = 0.89544070 SUC = 0.00145833 TP =   399393 FP =     8268 FN =    38298
[11/21/2022 22:57:16 - main -     INFO]: Saved a new model: CP29_O0.8020_H0.5659_0.173562.pkl
[11/21/2022 22:57:16 - main -     INFO]: Spend time: 1240.43s
[11/21/2022 22:57:16 - main -     INFO]: End training epoch: 29
[11/21/2022 23:18:06 - main -     INFO]: 
Epoch = 30
Max memory use=12948.30MB
Train info: loss = 0.151245996356010
O(0.0-6.0A): ACC = 0.82319725 SUC = 0.00000000 TP =  1448843 FP =    35376 FN =   277056
O(6.0-9.0A): ACC = 0.94738615 SUC = 0.18477957 TP =   562680 FP =     1782 FN =    29412
H(0.0-6.0A): ACC = 0.64756233 SUC = 0.00000000 TP =  2280402 FP =   220243 FN =  1041178
H(6.0-9.0A): ACC = 0.90708148 SUC = 0.00418527 TP =  1211658 FP =    21752 FN =   102744
Valid info: loss = 0.172904029488564
O(0.0-6.0A): ACC = 0.81122547 SUC = 0.00000000 TP =   477080 FP =    13558 FN =    97865
O(6.0-9.0A): ACC = 0.94979399 SUC = 0.19916667 TP =   188185 FP =      691 FN =     9240
H(0.0-6.0A): ACC = 0.58722568 SUC = 0.00000000 TP =   703786 FP =   103646 FN =   403263
H(6.0-9.0A): ACC = 0.90410602 SUC = 0.00458333 TP =   404166 FP =     9441 FN =    33525
[11/21/2022 23:18:07 - main -     INFO]: Saved a new model: CP30_O0.8112_H0.5872_0.172904.pkl
[11/21/2022 23:18:07 - main -     INFO]: Spend time: 1250.55s
[11/21/2022 23:18:07 - main -     INFO]: End training epoch: 30
[11/21/2022 23:38:52 - main -     INFO]: 
Epoch = 31
Max memory use=12948.30MB
Train info: loss = 0.150216773152351
O(0.0-6.0A): ACC = 0.82449389 SUC = 0.00000000 TP =  1451232 FP =    35489 FN =   274667
O(6.0-9.0A): ACC = 0.94690049 SUC = 0.17854354 TP =   562465 FP =     1837 FN =    29627
H(0.0-6.0A): ACC = 0.65834016 SUC = 0.00000000 TP =  2313034 FP =   212251 FN =  1008546
H(6.0-9.0A): ACC = 0.90764743 SUC = 0.00464565 TP =  1212313 FP =    21760 FN =   102089
Valid info: loss = 0.172665119171143
O(0.0-6.0A): ACC = 0.81814802 SUC = 0.00000000 TP =   480743 FP =    13139 FN =    94202
O(6.0-9.0A): ACC = 0.94367838 SUC = 0.16270833 TP =   186999 FP =      818 FN =    10426
H(0.0-6.0A): ACC = 0.59653145 SUC = 0.00000000 TP =   714618 FP =   103698 FN =   392431
H(6.0-9.0A): ACC = 0.89855558 SUC = 0.00354167 TP =   400530 FP =     8184 FN =    37161
[11/21/2022 23:38:53 - main -     INFO]: Saved a new model: CP31_O0.8181_H0.5965_0.172665.pkl
[11/21/2022 23:38:53 - main -     INFO]: Spend time: 1246.03s
[11/21/2022 23:38:53 - main -     INFO]: End training epoch: 31
[11/21/2022 23:59:35 - main -     INFO]: 
Epoch = 32
Max memory use=12948.30MB
Train info: loss = 0.149390920996666
O(0.0-6.0A): ACC = 0.82638013 SUC = 0.00000000 TP =  1454464 FP =    35402 FN =   271435
O(6.0-9.0A): ACC = 0.94813192 SUC = 0.18717912 TP =   563008 FP =     1682 FN =    29084
H(0.0-6.0A): ACC = 0.66666734 SUC = 0.00000000 TP =  2337994 FP =   205721 FN =   983586
H(6.0-9.0A): ACC = 0.90720654 SUC = 0.00418527 TP =  1211739 FP =    21749 FN =   102663
Valid info: loss = 0.175206139683723
O(0.0-6.0A): ACC = 0.82153195 SUC = 0.00000000 TP =   483476 FP =    14126 FN =    91469
O(6.0-9.0A): ACC = 0.94069242 SUC = 0.15583333 TP =   186215 FP =      553 FN =    11210
H(0.0-6.0A): ACC = 0.60082537 SUC = 0.00000000 TP =   719036 FP =   102472 FN =   388013
H(6.0-9.0A): ACC = 0.89538544 SUC = 0.00333333 TP =   398958 FP =     7888 FN =    38733
[11/21/2022 23:59:35 - main -     INFO]: Saved a new model: CP32_O0.8215_H0.6008_0.175206.pkl
[11/21/2022 23:59:35 - main -     INFO]: Spend time: 1242.57s
[11/21/2022 23:59:35 - main -     INFO]: End training epoch: 32
[11/22/2022 00:20:30 - main -     INFO]: 
Epoch = 33
Max memory use=12948.30MB
Train info: loss = 0.148376420140266
O(0.0-6.0A): ACC = 0.82768506 SUC = 0.00000000 TP =  1456718 FP =    35406 FN =   269181
O(6.0-9.0A): ACC = 0.94825351 SUC = 0.18733260 TP =   563197 FP =     1771 FN =    28895
H(0.0-6.0A): ACC = 0.67606878 SUC = 0.00000000 TP =  2366873 FP =   198623 FN =   954707
H(6.0-9.0A): ACC = 0.90915310 SUC = 0.00481306 TP =  1214066 FP =    21362 FN =   100336
Valid info: loss = 0.172812148928642
O(0.0-6.0A): ACC = 0.79675865 SUC = 0.00000000 TP =   468931 FP =    14079 FN =   106014
O(6.0-9.0A): ACC = 0.93839008 SUC = 0.14729166 TP =   185864 FP =      622 FN =    11561
H(0.0-6.0A): ACC = 0.59214872 SUC = 0.00000000 TP =   704870 FP =    95268 FN =   402179
H(6.0-9.0A): ACC = 0.88883901 SUC = 0.00104167 TP =   395432 FP =     7131 FN =    42259
[11/22/2022 00:20:30 - main -     INFO]: Saved a new model: CP33_O0.7968_H0.5921_0.172812.pkl
[11/22/2022 00:20:30 - main -     INFO]: Spend time: 1255.19s
[11/22/2022 00:20:30 - main -     INFO]: End training epoch: 33
[11/22/2022 00:41:19 - main -     INFO]: 
Epoch = 34
Max memory use=12948.30MB
Train info: loss = 0.147537827491760
O(0.0-6.0A): ACC = 0.82920539 SUC = 0.00000000 TP =  1459606 FP =    35544 FN =   266293
O(6.0-9.0A): ACC = 0.94814509 SUC = 0.18659319 TP =   563116 FP =     1790 FN =    28976
H(0.0-6.0A): ACC = 0.68351364 SUC = 0.00000000 TP =  2390032 FP =   194202 FN =   931548
H(6.0-9.0A): ACC = 0.90842068 SUC = 0.00530134 TP =  1212947 FP =    21331 FN =   101455
Valid info: loss = 0.171193689107895
O(0.0-6.0A): ACC = 0.83660918 SUC = 0.00000000 TP =   492248 FP =    13978 FN =    82697
O(6.0-9.0A): ACC = 0.95039326 SUC = 0.19616070 TP =   188278 FP =      734 FN =     9147
H(0.0-6.0A): ACC = 0.63242126 SUC = 0.00000000 TP =   759529 FP =   108157 FN =   347520
H(6.0-9.0A): ACC = 0.90497261 SUC = 0.00541667 TP =   404423 FP =     9348 FN =    33268
[11/22/2022 00:41:20 - main -     INFO]: Saved a new model: CP34_O0.8366_H0.6324_0.171194.pkl
[11/22/2022 00:41:20 - main -     INFO]: Spend time: 1249.26s
[11/22/2022 00:41:20 - main -     INFO]: End training epoch: 34
[11/22/2022 01:02:10 - main -     INFO]: 
Epoch = 35
Max memory use=12948.30MB
Train info: loss = 0.146619156002998
O(0.0-6.0A): ACC = 0.83009714 SUC = 0.00000000 TP =  1461166 FP =    35547 FN =   264733
O(6.0-9.0A): ACC = 0.94839042 SUC = 0.18973215 TP =   563257 FP =     1873 FN =    28835
H(0.0-6.0A): ACC = 0.69125283 SUC = 0.00000000 TP =  2412735 FP =   187184 FN =   908845
H(6.0-9.0A): ACC = 0.90895253 SUC = 0.00583147 TP =  1213621 FP =    21372 FN =   100781
Valid info: loss = 0.170045733451843
O(0.0-6.0A): ACC = 0.81921250 SUC = 0.00000000 TP =   482093 FP =    13999 FN =    92852
O(6.0-9.0A): ACC = 0.94611889 SUC = 0.19157737 TP =   187486 FP =      741 FN =     9939
H(0.0-6.0A): ACC = 0.62273943 SUC = 0.00000000 TP =   742207 FP =    98261 FN =   364842
H(6.0-9.0A): ACC = 0.89945364 SUC = 0.00395833 TP =   401279 FP =     8443 FN =    36412
[11/22/2022 01:02:10 - main -     INFO]: Saved a new model: CP35_O0.8192_H0.6227_0.170046.pkl
[11/22/2022 01:02:10 - main -     INFO]: Spend time: 1250.75s
[11/22/2022 01:02:10 - main -     INFO]: End training epoch: 35
[11/22/2022 01:23:03 - main -     INFO]: 
Epoch = 36
Max memory use=12948.30MB
Train info: loss = 0.145825147628784
O(0.0-6.0A): ACC = 0.83194321 SUC = 0.00000000 TP =  1464240 FP =    35270 FN =   261659
O(6.0-9.0A): ACC = 0.94869745 SUC = 0.19144811 TP =   563389 FP =     1770 FN =    28703
H(0.0-6.0A): ACC = 0.69848675 SUC = 0.00000000 TP =  2434460 FP =   181635 FN =   887120
H(6.0-9.0A): ACC = 0.90970081 SUC = 0.00585938 TP =  1214475 FP =    21307 FN =    99927
Valid info: loss = 0.170731082558632
O(0.0-6.0A): ACC = 0.82637560 SUC = 0.00000000 TP =   487134 FP =    14921 FN =    87811
O(6.0-9.0A): ACC = 0.95086306 SUC = 0.21595238 TP =   188427 FP =      782 FN =     8998
H(0.0-6.0A): ACC = 0.62398082 SUC = 0.00000000 TP =   742700 FP =    96648 FN =   364349
H(6.0-9.0A): ACC = 0.90301442 SUC = 0.00416667 TP =   402657 FP =     8204 FN =    35034
[11/22/2022 01:23:03 - main -     INFO]: Saved a new model: CP36_O0.8264_H0.6240_0.170731.pkl
[11/22/2022 01:23:03 - main -     INFO]: Spend time: 1252.35s
[11/22/2022 01:23:03 - main -     INFO]: End training epoch: 36
[11/22/2022 01:43:49 - main -     INFO]: 
Epoch = 37
Max memory use=12948.30MB
Train info: loss = 0.145277038216591
O(0.0-6.0A): ACC = 0.83344072 SUC = 0.00000000 TP =  1466527 FP =    34963 FN =   259372
O(6.0-9.0A): ACC = 0.94891417 SUC = 0.18950893 TP =   563451 FP =     1737 FN =    28641
H(0.0-6.0A): ACC = 0.70488471 SUC = 0.00000000 TP =  2452962 FP =   175974 FN =   868618
H(6.0-9.0A): ACC = 0.90919685 SUC = 0.00474330 TP =  1214022 FP =    21591 FN =   100380
Valid info: loss = 0.170332089066505
O(0.0-6.0A): ACC = 0.81963086 SUC = 0.00000000 TP =   481478 FP =    13008 FN =    93467
O(6.0-9.0A): ACC = 0.94788623 SUC = 0.17916666 TP =   187848 FP =      783 FN =     9577
H(0.0-6.0A): ACC = 0.60541636 SUC = 0.00000000 TP =   713080 FP =    83930 FN =   393969
H(6.0-9.0A): ACC = 0.89585084 SUC = 0.00333333 TP =   399257 FP =     8082 FN =    38434
[11/22/2022 01:43:49 - main -     INFO]: Saved a new model: CP37_O0.8196_H0.6054_0.170332.pkl
[11/22/2022 01:43:49 - main -     INFO]: Spend time: 1246.37s
[11/22/2022 01:43:49 - main -     INFO]: End training epoch: 37
[11/22/2022 02:04:46 - main -     INFO]: 
Epoch = 38
Max memory use=12948.30MB
Train info: loss = 0.144145816564560
O(0.0-6.0A): ACC = 0.83412313 SUC = 0.00000000 TP =  1468066 FP =    35295 FN =   257833
O(6.0-9.0A): ACC = 0.94910383 SUC = 0.19305246 TP =   563624 FP =     1797 FN =    28468
H(0.0-6.0A): ACC = 0.71195525 SUC = 0.00000000 TP =  2474806 FP =   171499 FN =   846774
H(6.0-9.0A): ACC = 0.90992355 SUC = 0.00551060 TP =  1215062 FP =    21611 FN =    99340
Valid info: loss = 0.168929666280746
O(0.0-6.0A): ACC = 0.83867699 SUC = 0.00000000 TP =   494027 FP =    14691 FN =    80918
O(6.0-9.0A): ACC = 0.95223463 SUC = 0.22178571 TP =   188636 FP =      772 FN =     8789
H(0.0-6.0A): ACC = 0.64385378 SUC = 0.00000000 TP =   765778 FP =    96897 FN =   341271
H(6.0-9.0A): ACC = 0.89511538 SUC = 0.00208333 TP =   398197 FP =     7296 FN =    39494
[11/22/2022 02:04:46 - main -     INFO]: Saved a new model: CP38_O0.8387_H0.6439_0.168930.pkl
[11/22/2022 02:04:46 - main -     INFO]: Spend time: 1256.58s
[11/22/2022 02:04:46 - main -     INFO]: End training epoch: 38
[11/22/2022 02:25:37 - main -     INFO]: 
Epoch = 39
Max memory use=12948.30MB
Train info: loss = 0.143554762005806
O(0.0-6.0A): ACC = 0.83512318 SUC = 0.00000000 TP =  1469756 FP =    35226 FN =   256143
O(6.0-9.0A): ACC = 0.94882214 SUC = 0.19793527 TP =   563433 FP =     1794 FN =    28659
H(0.0-6.0A): ACC = 0.71729892 SUC = 0.00000000 TP =  2490991 FP =   167948 FN =   830589
H(6.0-9.0A): ACC = 0.90994507 SUC = 0.00502232 TP =  1214962 FP =    21621 FN =    99440
Valid info: loss = 0.169531866908073
O(0.0-6.0A): ACC = 0.82351840 SUC = 0.00000000 TP =   484829 FP =    14083 FN =    90116
O(6.0-9.0A): ACC = 0.94927442 SUC = 0.19616070 TP =   188271 FP =      925 FN =     9154
H(0.0-6.0A): ACC = 0.64446169 SUC = 0.00000000 TP =   769265 FP =    99906 FN =   337784
H(6.0-9.0A): ACC = 0.91015708 SUC = 0.00625000 TP =   407629 FP =    10295 FN =    30062
[11/22/2022 02:25:37 - main -     INFO]: Saved a new model: CP39_O0.8235_H0.6445_0.169532.pkl
[11/22/2022 02:25:37 - main -     INFO]: Spend time: 1251.02s
[11/22/2022 02:25:37 - main -     INFO]: End training epoch: 39
[11/22/2022 02:46:24 - main -     INFO]: 
Epoch = 40
Max memory use=12948.30MB
Train info: loss = 0.142806559801102
O(0.0-6.0A): ACC = 0.83690917 SUC = 0.00000000 TP =  1472903 FP =    35136 FN =   252996
O(6.0-9.0A): ACC = 0.94950163 SUC = 0.19616351 TP =   563820 FP =     1761 FN =    28272
H(0.0-6.0A): ACC = 0.72263825 SUC = 0.00000000 TP =  2506906 FP =   163372 FN =   814674
H(6.0-9.0A): ACC = 0.91112173 SUC = 0.00565011 TP =  1216348 FP =    21224 FN =    98054
Valid info: loss = 0.169405639171600
O(0.0-6.0A): ACC = 0.82700139 SUC = 0.00000000 TP =   486401 FP =    13739 FN =    88544
O(6.0-9.0A): ACC = 0.94651675 SUC = 0.17741071 TP =   187470 FP =      666 FN =     9955
H(0.0-6.0A): ACC = 0.65003741 SUC = 0.00000000 TP =   772568 FP =    95793 FN =   334481
H(6.0-9.0A): ACC = 0.90153271 SUC = 0.00541667 TP =   401754 FP =     8070 FN =    35937
[11/22/2022 02:46:24 - main -     INFO]: Saved a new model: CP40_O0.8270_H0.6500_0.169406.pkl
[11/22/2022 02:46:24 - main -     INFO]: Spend time: 1247.41s
[11/22/2022 02:46:24 - main -     INFO]: End training epoch: 40
[11/22/2022 03:07:13 - main -     INFO]: 
Epoch = 41
Max memory use=12948.30MB
Train info: loss = 0.141832694411278
O(0.0-6.0A): ACC = 0.83894408 SUC = 0.00000000 TP =  1476456 FP =    35186 FN =   249443
O(6.0-9.0A): ACC = 0.94979429 SUC = 0.19126675 TP =   564062 FP =     1787 FN =    28030
H(0.0-6.0A): ACC = 0.72879666 SUC = 0.00000000 TP =  2525907 FP =   159344 FN =   795673
H(6.0-9.0A): ACC = 0.91157436 SUC = 0.00634766 TP =  1217069 FP =    21538 FN =    97333
Valid info: loss = 0.170891731977463
O(0.0-6.0A): ACC = 0.83530182 SUC = 0.00000000 TP =   492313 FP =    14916 FN =    82632
O(6.0-9.0A): ACC = 0.95434797 SUC = 0.22624999 TP =   189317 FP =     1095 FN =     8108
H(0.0-6.0A): ACC = 0.65690649 SUC = 0.00000000 TP =   782498 FP =    98670 FN =   324551
H(6.0-9.0A): ACC = 0.90105593 SUC = 0.00312500 TP =   401921 FP =     8494 FN =    35770
[11/22/2022 03:07:14 - main -     INFO]: Saved a new model: CP41_O0.8353_H0.6569_0.170892.pkl
[11/22/2022 03:07:14 - main -     INFO]: Spend time: 1249.35s
[11/22/2022 03:07:14 - main -     INFO]: End training epoch: 41
[11/22/2022 03:28:02 - main -     INFO]: 
Epoch = 42
Max memory use=12948.30MB
Train info: loss = 0.140899628400803
O(0.0-6.0A): ACC = 0.84026819 SUC = 0.00000000 TP =  1478606 FP =    34913 FN =   247293
O(6.0-9.0A): ACC = 0.95009077 SUC = 0.19768415 TP =   564160 FP =     1718 FN =    27932
H(0.0-6.0A): ACC = 0.73513746 SUC = 0.00000000 TP =  2545443 FP =   155527 FN =   776137
H(6.0-9.0A): ACC = 0.91241926 SUC = 0.00571987 TP =  1217853 FP =    21044 FN =    96549
Valid info: loss = 0.168029308319092
O(0.0-6.0A): ACC = 0.83415455 SUC = 0.00020833 TP =   491327 FP =    14551 FN =    83618
O(6.0-9.0A): ACC = 0.94569135 SUC = 0.16895834 TP =   187449 FP =      844 FN =     9976
H(0.0-6.0A): ACC = 0.66992593 SUC = 0.00000000 TP =   800643 FP =   103094 FN =   306406
H(6.0-9.0A): ACC = 0.90878683 SUC = 0.00625000 TP =   406195 FP =     9462 FN =    31496
[11/22/2022 03:28:02 - main -     INFO]: Saved a new model: CP42_O0.8342_H0.6699_0.168029.pkl
[11/22/2022 03:28:02 - main -     INFO]: Spend time: 1248.35s
[11/22/2022 03:28:02 - main -     INFO]: End training epoch: 42
[11/22/2022 03:48:49 - main -     INFO]: 
Epoch = 43
Max memory use=12948.30MB
Train info: loss = 0.140623733401299
O(0.0-6.0A): ACC = 0.84017593 SUC = 0.00000000 TP =  1478425 FP =    34917 FN =   247474
O(6.0-9.0A): ACC = 0.95013511 SUC = 0.19698660 TP =   564242 FP =     1815 FN =    27850
H(0.0-6.0A): ACC = 0.73784935 SUC = 0.00000000 TP =  2553327 FP =   153791 FN =   768253
H(6.0-9.0A): ACC = 0.91199905 SUC = 0.00627790 TP =  1217264 FP =    21076 FN =    97138
Valid info: loss = 0.168381914496422
O(0.0-6.0A): ACC = 0.81470543 SUC = 0.00000000 TP =   480049 FP =    14909 FN =    94896
O(6.0-9.0A): ACC = 0.94285184 SUC = 0.14500000 TP =   186649 FP =      594 FN =    10776
H(0.0-6.0A): ACC = 0.65649939 SUC = 0.00000000 TP =   781657 FP =    97216 FN =   325392
H(6.0-9.0A): ACC = 0.90138257 SUC = 0.00395833 TP =   401721 FP =     8129 FN =    35970
[11/22/2022 03:48:49 - main -     INFO]: No model was saved
[11/22/2022 03:48:49 - main -     INFO]: Spend time: 1246.90s
[11/22/2022 03:48:49 - main -     INFO]: End training epoch: 43
[11/22/2022 04:09:41 - main -     INFO]: 
Epoch = 44
Max memory use=12948.30MB
Train info: loss = 0.139838159084320
O(0.0-6.0A): ACC = 0.84185189 SUC = 0.00000000 TP =  1481470 FP =    34981 FN =   244429
O(6.0-9.0A): ACC = 0.95101315 SUC = 0.20099051 TP =   564798 FP =     1807 FN =    27294
H(0.0-6.0A): ACC = 0.74345618 SUC = 0.00000000 TP =  2570386 FP =   149480 FN =   751194
H(6.0-9.0A): ACC = 0.91327798 SUC = 0.00725446 TP =  1218779 FP =    20836 FN =    95623
Valid info: loss = 0.167624279856682
O(0.0-6.0A): ACC = 0.81548500 SUC = 0.00000000 TP =   479776 FP =    13921 FN =    95169
O(6.0-9.0A): ACC = 0.94820905 SUC = 0.18428572 TP =   187852 FP =      794 FN =     9573
H(0.0-6.0A): ACC = 0.66571832 SUC = 0.00000000 TP =   790935 FP =    95539 FN =   316114
H(6.0-9.0A): ACC = 0.90848732 SUC = 0.00854167 TP =   406115 FP =     9428 FN =    31576
[11/22/2022 04:09:41 - main -     INFO]: Saved a new model: CP44_O0.8155_H0.6657_0.167624.pkl
[11/22/2022 04:09:41 - main -     INFO]: Spend time: 1252.62s
[11/22/2022 04:09:41 - main -     INFO]: End training epoch: 44
[11/22/2022 04:30:37 - main -     INFO]: 
Epoch = 45
Max memory use=12948.30MB
Train info: loss = 0.138800933957100
O(0.0-6.0A): ACC = 0.84356183 SUC = 0.00000000 TP =  1484321 FP =    34831 FN =   241578
O(6.0-9.0A): ACC = 0.95097369 SUC = 0.20378068 TP =   564719 FP =     1805 FN =    27373
H(0.0-6.0A): ACC = 0.74853104 SUC = 0.00000000 TP =  2585548 FP =   146231 FN =   736032
H(6.0-9.0A): ACC = 0.91318703 SUC = 0.00669643 TP =  1218611 FP =    20817 FN =    95791
Valid info: loss = 0.167775213718414
O(0.0-6.0A): ACC = 0.82443953 SUC = 0.00000000 TP =   485120 FP =    13921 FN =    89825
O(6.0-9.0A): ACC = 0.94789886 SUC = 0.18565476 TP =   187771 FP =      749 FN =     9654
H(0.0-6.0A): ACC = 0.66803467 SUC = 0.00000000 TP =   794003 FP =    95151 FN =   313046
H(6.0-9.0A): ACC = 0.90340680 SUC = 0.00354167 TP =   403050 FP =     8606 FN =    34641
[11/22/2022 04:30:37 - main -     INFO]: Saved a new model: CP45_O0.8244_H0.6680_0.167775.pkl
[11/22/2022 04:30:37 - main -     INFO]: Spend time: 1255.80s
[11/22/2022 04:30:37 - main -     INFO]: End training epoch: 45
[11/22/2022 04:51:28 - main -     INFO]: 
Epoch = 46
Max memory use=12948.30MB
Train info: loss = 0.138450369238853
O(0.0-6.0A): ACC = 0.84464741 SUC = 0.00000000 TP =  1486397 FP =    34933 FN =   239502
O(6.0-9.0A): ACC = 0.95138258 SUC = 0.20890068 TP =   564993 FP =     1850 FN =    27099
H(0.0-6.0A): ACC = 0.75215662 SUC = 0.00000000 TP =  2597339 FP =   144396 FN =   724241
H(6.0-9.0A): ACC = 0.91334635 SUC = 0.00739397 TP =  1218897 FP =    20918 FN =    95505
Valid info: loss = 0.167430669069290
O(0.0-6.0A): ACC = 0.83408582 SUC = 0.00000000 TP =   491507 FP =    14776 FN =    83438
O(6.0-9.0A): ACC = 0.95027077 SUC = 0.21166667 TP =   188252 FP =      664 FN =     9173
H(0.0-6.0A): ACC = 0.66493988 SUC = 0.00000000 TP =   788958 FP =    93179 FN =   318091
H(6.0-9.0A): ACC = 0.89322245 SUC = 0.00270833 TP =   397438 FP =     7145 FN =    40253
[11/22/2022 04:51:29 - main -     INFO]: Saved a new model: CP46_O0.8341_H0.6649_0.167431.pkl
[11/22/2022 04:51:29 - main -     INFO]: Spend time: 1251.32s
[11/22/2022 04:51:29 - main -     INFO]: End training epoch: 46
[11/22/2022 05:12:18 - main -     INFO]: 
Epoch = 47
Max memory use=12948.30MB
Train info: loss = 0.137931510806084
O(0.0-6.0A): ACC = 0.84608078 SUC = 0.00000000 TP =  1489049 FP =    35138 FN =   236850
O(6.0-9.0A): ACC = 0.95141584 SUC = 0.20528738 TP =   564944 FP =     1784 FN =    27148
H(0.0-6.0A): ACC = 0.75573033 SUC = 0.00000000 TP =  2608064 FP =   141994 FN =   713516
H(6.0-9.0A): ACC = 0.91373485 SUC = 0.00711496 TP =  1219219 FP =    20796 FN =    95183
Valid info: loss = 0.167892932891846
O(0.0-6.0A): ACC = 0.80647165 SUC = 0.00000000 TP =   473546 FP =    12674 FN =   101399
O(6.0-9.0A): ACC = 0.94521981 SUC = 0.18145834 TP =   187266 FP =      745 FN =    10159
H(0.0-6.0A): ACC = 0.64437109 SUC = 0.00000000 TP =   759361 FP =    84128 FN =   347688
H(6.0-9.0A): ACC = 0.88878000 SUC = 0.00125000 TP =   395629 FP =     7515 FN =    42062
[11/22/2022 05:12:18 - main -     INFO]: No model was saved
[11/22/2022 05:12:18 - main -     INFO]: Spend time: 1249.41s
[11/22/2022 05:12:18 - main -     INFO]: End training epoch: 47
[11/22/2022 05:33:12 - main -     INFO]: 
Epoch = 48
Max memory use=12948.30MB
Train info: loss = 0.137186512351036
O(0.0-6.0A): ACC = 0.84739631 SUC = 0.00006975 TP =  1491196 FP =    34981 FN =   234703
O(6.0-9.0A): ACC = 0.95139104 SUC = 0.20696150 TP =   564996 FP =     1781 FN =    27096
H(0.0-6.0A): ACC = 0.75925410 SUC = 0.00000000 TP =  2618270 FP =   139576 FN =   703310
H(6.0-9.0A): ACC = 0.91462737 SUC = 0.00592913 TP =  1220249 FP =    20580 FN =    94153
Valid info: loss = 0.169079154729843
O(0.0-6.0A): ACC = 0.84821045 SUC = 0.00020833 TP =   499499 FP =    14380 FN =    75446
O(6.0-9.0A): ACC = 0.95177650 SUC = 0.21520834 TP =   188612 FP =      806 FN =     8813
H(0.0-6.0A): ACC = 0.66580230 SUC = 0.00000000 TP =   784800 FP =    86123 FN =   322249
H(6.0-9.0A): ACC = 0.90116823 SUC = 0.00312500 TP =   401304 FP =     7854 FN =    36387
[11/22/2022 05:33:13 - main -     INFO]: Saved a new model: CP48_O0.8482_H0.6658_0.169079.pkl
[11/22/2022 05:33:13 - main -     INFO]: Spend time: 1254.61s
[11/22/2022 05:33:13 - main -     INFO]: End training epoch: 48
[11/22/2022 05:54:02 - main -     INFO]: 
Epoch = 49
Max memory use=12948.30MB
Train info: loss = 0.136689454317093
O(0.0-6.0A): ACC = 0.84848887 SUC = 0.00000000 TP =  1493017 FP =    34837 FN =   232882
O(6.0-9.0A): ACC = 0.95207608 SUC = 0.20950055 TP =   565376 FP =     1804 FN =    26716
H(0.0-6.0A): ACC = 0.76252067 SUC = 0.00000000 TP =  2628384 FP =   137406 FN =   693196
H(6.0-9.0A): ACC = 0.91377866 SUC = 0.00725446 TP =  1219379 FP =    20907 FN =    95023
Valid info: loss = 0.166485801339149
O(0.0-6.0A): ACC = 0.84092659 SUC = 0.00000000 TP =   495090 FP =    14312 FN =    79855
O(6.0-9.0A): ACC = 0.94568992 SUC = 0.17470238 TP =   187354 FP =      737 FN =    10071
H(0.0-6.0A): ACC = 0.67860848 SUC = 0.00000000 TP =   804077 FP =    92159 FN =   302972
H(6.0-9.0A): ACC = 0.90319878 SUC = 0.00458333 TP =   402119 FP =     7699 FN =    35572
[11/22/2022 05:54:03 - main -     INFO]: Saved a new model: CP49_O0.8409_H0.6786_0.166486.pkl
[11/22/2022 05:54:03 - main -     INFO]: Spend time: 1250.11s
[11/22/2022 05:54:03 - main -     INFO]: End training epoch: 49
[11/22/2022 06:17:32 - main -     INFO]: 
Epoch = 50
Max memory use=12948.30MB
Train info: loss = 0.163592889904976
O(0.0-6.0A): ACC = 0.84861892 SUC = 0.00000000 TP =  1493569 FP =    35142 FN =   232330
O(6.0-9.0A): ACC = 0.95156765 SUC = 0.20793806 TP =   564956 FP =     1680 FN =    27136
H(0.0-6.0A): ACC = 0.65087283 SUC = 0.00000000 TP =  2211982 FP =    86869 FN =  1109598
H(6.0-9.0A): ACC = 0.87383598 SUC = 0.00020926 TP =  1161297 FP =    14605 FN =   153105
Valid info: loss = 0.200306445360184
O(0.0-6.0A): ACC = 0.83943433 SUC = 0.00000000 TP =   494118 FP =    14166 FN =    80827
O(6.0-9.0A): ACC = 0.95167083 SUC = 0.21345238 TP =   188428 FP =      681 FN =     8997
H(0.0-6.0A): ACC = 0.58925301 SUC = 0.00000000 TP =   684343 FP =    66430 FN =   422706
H(6.0-9.0A): ACC = 0.87530923 SUC = 0.00062500 TP =   388659 FP =     6331 FN =    49032
[11/22/2022 06:17:32 - main -     INFO]: No model was saved
[11/22/2022 06:17:32 - main -     INFO]: Spend time: 1409.54s
[11/22/2022 06:17:32 - main -     INFO]: End training epoch: 50
[11/22/2022 06:40:58 - main -     INFO]: 
Epoch = 51
Max memory use=12948.30MB
Train info: loss = 0.163702294230461
O(0.0-6.0A): ACC = 0.85071087 SUC = 0.00006975 TP =  1497204 FP =    35018 FN =   228695
O(6.0-9.0A): ACC = 0.95172644 SUC = 0.20774274 TP =   565120 FP =     1759 FN =    26972
H(0.0-6.0A): ACC = 0.63703483 SUC = 0.00000000 TP =  2161935 FP =    82034 FN =  1159645
H(6.0-9.0A): ACC = 0.86707538 SUC = 0.00041853 TP =  1152164 FP =    14281 FN =   162238
Valid info: loss = 0.200146034359932
O(0.0-6.0A): ACC = 0.82301491 SUC = 0.00000000 TP =   484297 FP =    13961 FN =    90648
O(6.0-9.0A): ACC = 0.94600797 SUC = 0.18428572 TP =   187358 FP =      718 FN =    10067
H(0.0-6.0A): ACC = 0.51449221 SUC = 0.00000000 TP =   591072 FP =    51892 FN =   515977
H(6.0-9.0A): ACC = 0.84900135 SUC = 0.00000000 TP =   377126 FP =     6015 FN =    60565
[11/22/2022 06:40:58 - main -     INFO]: No model was saved
[11/22/2022 06:40:58 - main -     INFO]: Spend time: 1405.82s
[11/22/2022 06:40:58 - main -     INFO]: End training epoch: 51
[11/22/2022 07:04:56 - main -     INFO]: 
Epoch = 52
Max memory use=12948.30MB
Train info: loss = 0.163408651947975
O(0.0-6.0A): ACC = 0.85162354 SUC = 0.00000000 TP =  1498725 FP =    34974 FN =   227174
O(6.0-9.0A): ACC = 0.95186758 SUC = 0.20866349 TP =   565163 FP =     1736 FN =    26929
H(0.0-6.0A): ACC = 0.63251269 SUC = 0.00000000 TP =  2145153 FP =    80581 FN =  1176427
H(6.0-9.0A): ACC = 0.86505145 SUC = 0.00020926 TP =  1149187 FP =    13836 FN =   165215
Valid info: loss = 0.199589610099792
O(0.0-6.0A): ACC = 0.83397168 SUC = 0.00000000 TP =   491560 FP =    14997 FN =    83385
O(6.0-9.0A): ACC = 0.94441539 SUC = 0.17011905 TP =   187071 FP =      692 FN =    10354
H(0.0-6.0A): ACC = 0.53226888 SUC = 0.00000000 TP =   611805 FP =    53252 FN =   495244
H(6.0-9.0A): ACC = 0.85800499 SUC = 0.00020833 TP =   381097 FP =     6176 FN =    56594
[11/22/2022 07:04:56 - main -     INFO]: No model was saved
[11/22/2022 07:04:56 - main -     INFO]: Spend time: 1437.51s
[11/22/2022 07:04:56 - main -     INFO]: End training epoch: 52
[11/22/2022 07:29:16 - main -     INFO]: 
Epoch = 53
Max memory use=12948.30MB
Train info: loss = 0.162514656782150
O(0.0-6.0A): ACC = 0.85335016 SUC = 0.00006975 TP =  1501839 FP =    35072 FN =   224060
O(6.0-9.0A): ACC = 0.95240265 SUC = 0.21369979 TP =   565479 FP =     1727 FN =    26613
H(0.0-6.0A): ACC = 0.63589001 SUC = 0.00000000 TP =  2155824 FP =    78641 FN =  1165756
H(6.0-9.0A): ACC = 0.86473960 SUC = 0.00041853 TP =  1148700 FP =    13855 FN =   165702
Valid info: loss = 0.199867814779282
O(0.0-6.0A): ACC = 0.84264040 SUC = 0.00000000 TP =   496509 FP =    14835 FN =    78436
O(6.0-9.0A): ACC = 0.94830179 SUC = 0.18583333 TP =   187873 FP =      719 FN =     9552
H(0.0-6.0A): ACC = 0.56891644 SUC = 0.00000000 TP =   655975 FP =    57453 FN =   451074
H(6.0-9.0A): ACC = 0.85707927 SUC = 0.00000000 TP =   380287 FP =     5793 FN =    57404
[11/22/2022 07:29:16 - main -     INFO]: No model was saved
[11/22/2022 07:29:16 - main -     INFO]: Spend time: 1460.17s
[11/22/2022 07:29:16 - main -     INFO]: End training epoch: 53
[11/22/2022 07:53:47 - main -     INFO]: 
Epoch = 54
Max memory use=12948.30MB
Train info: loss = 0.161796942353249
O(0.0-6.0A): ACC = 0.85459632 SUC = 0.00000000 TP =  1503998 FP =    35037 FN =   221901
O(6.0-9.0A): ACC = 0.95251095 SUC = 0.21142578 TP =   565613 FP =     1773 FN =    26479
H(0.0-6.0A): ACC = 0.63850361 SUC = 0.00000000 TP =  2164696 FP =    78800 FN =  1156884
H(6.0-9.0A): ACC = 0.86505312 SUC = 0.00062779 TP =  1149005 FP =    13757 FN =   165397
Valid info: loss = 0.197347030043602
O(0.0-6.0A): ACC = 0.83387697 SUC = 0.00000000 TP =   490367 FP =    13535 FN =    84578
O(6.0-9.0A): ACC = 0.94623750 SUC = 0.18886904 TP =   187462 FP =      696 FN =     9963
H(0.0-6.0A): ACC = 0.58604062 SUC = 0.00000000 TP =   678043 FP =    60868 FN =   429006
H(6.0-9.0A): ACC = 0.86165893 SUC = 0.00020833 TP =   382521 FP =     6091 FN =    55170
[11/22/2022 07:53:47 - main -     INFO]: No model was saved
[11/22/2022 07:53:47 - main -     INFO]: Spend time: 1471.79s
[11/22/2022 07:53:47 - main -     INFO]: End training epoch: 54
[11/22/2022 08:18:21 - main -     INFO]: 
Epoch = 55
Max memory use=12948.30MB
Train info: loss = 0.161360487341881
O(0.0-6.0A): ACC = 0.85511643 SUC = 0.00000000 TP =  1504740 FP =    34744 FN =   221159
O(6.0-9.0A): ACC = 0.95285034 SUC = 0.21962892 TP =   565799 FP =     1790 FN =    26293
H(0.0-6.0A): ACC = 0.64043248 SUC = 0.00000000 TP =  2170613 FP =    77283 FN =  1150967
H(6.0-9.0A): ACC = 0.86414850 SUC = 0.00020926 TP =  1147979 FP =    13710 FN =   166423
Valid info: loss = 0.199414238333702
O(0.0-6.0A): ACC = 0.82698715 SUC = 0.00000000 TP =   486366 FP =    13695 FN =    88579
O(6.0-9.0A): ACC = 0.94674021 SUC = 0.18812500 TP =   187552 FP =      628 FN =     9873
H(0.0-6.0A): ACC = 0.54142904 SUC = 0.00000000 TP =   621354 FP =    51439 FN =   485695
H(6.0-9.0A): ACC = 0.84279442 SUC = 0.00000000 TP =   373268 FP =     4995 FN =    64423
[11/22/2022 08:18:21 - main -     INFO]: No model was saved
[11/22/2022 08:18:21 - main -     INFO]: Spend time: 1473.18s
[11/22/2022 08:18:21 - main -     INFO]: End training epoch: 55
